2025-09-28 19:48:38,116 [INFO] Activator:176 - 


2025-09-28 19:48:38,119 [INFO] Activator:177 - !SESSION log4j initialized
2025-09-28 19:48:51,559 [INFO] LogOutputStream:77 - [STDOUT_REDIRECT] 
2025-09-28 19:48:55,056 [INFO] ApplicationProperties:184 - Using Application install path: /opt/st/stm32cubeide_1.18.0/plugins/com.st.stm32cube.common.mx_6.14.0.202502271554
2025-09-28 19:48:55,090 [INFO] DbMcusXml:78 - Set database path to: /opt/st/stm32cubeide_1.18.0/plugins/com.st.stm32cube.common.mx_6.14.0.202502271554//db//mcu/
2025-09-28 19:48:55,091 [INFO] ApiDb:274 - Set plugin database path to: /opt/st/stm32cubeide_1.18.0/plugins/com.st.stm32cube.common.mx_6.14.0.202502271554//db//plugins/boardmanager/
2025-09-28 19:48:55,091 [WARN] ApiDb:259 - Overriding images path with different value:  => /opt/st/stm32cubeide_1.18.0/plugins/com.st.stm32cube.common.mx_6.14.0.202502271554//db//plugins/mcufinder/images/
2025-09-28 19:48:55,104 [INFO] ApiDb:250 - Set database path to: /home/josefigueroa/.stmcufinder/plugins/mcufinder//mcu/
2025-09-28 19:48:55,106 [INFO] DbMcusAds:125 - Set database path to: /home/josefigueroa/.stmcufinder/plugins/mcufinder//mcu/
2025-09-28 19:48:55,109 [INFO] CrossReferenceDbSqlite:203 - Set database path to: /home/josefigueroa/.stmcufinder/plugins/mcufinder//mcu/cs/
2025-09-28 19:48:55,370 [INFO] RulesReader:64 - Compatibility file has been processed (301 Rules)
2025-09-28 19:48:55,583 [INFO] DbMcusXml:78 - Set database path to: /opt/st/stm32cubeide_1.18.0/plugins/com.st.stm32cube.common.mx_6.14.0.202502271554//db//mcu/
2025-09-28 19:48:55,611 [INFO] ApiDb:274 - Set plugin database path to: /opt/st/stm32cubeide_1.18.0/plugins/com.st.stm32cube.common.mx_6.14.0.202502271554//db//plugins/boardmanager/
2025-09-28 19:48:55,614 [INFO] ApiDb:261 - Set plugin images path to: /opt/st/stm32cubeide_1.18.0/plugins/com.st.stm32cube.common.mx_6.14.0.202502271554//db//plugins/mcufinder/images/
2025-09-28 19:48:55,614 [WARN] DbFile:41 - Overriding database path with different value: /home/josefigueroa/.stmcufinder/plugins/mcufinder/ => /home/josefigueroa/.stmcufinder/plugins/mcufinder
2025-09-28 19:48:55,615 [INFO] ApiDb:250 - Set database path to: /home/josefigueroa/.stmcufinder/plugins/mcufinder//mcu/
2025-09-28 19:48:55,615 [WARN] DbFile:41 - Overriding database path with different value: /home/josefigueroa/.stmcufinder/plugins/mcufinder/ => /home/josefigueroa/.stmcufinder/plugins/mcufinder
2025-09-28 19:48:55,615 [INFO] DbMcusAds:125 - Set database path to: /home/josefigueroa/.stmcufinder/plugins/mcufinder//mcu/
2025-09-28 19:48:55,615 [WARN] DbFile:41 - Overriding database path with different value: /home/josefigueroa/.stmcufinder/plugins/mcufinder/ => /home/josefigueroa/.stmcufinder/plugins/mcufinder
2025-09-28 19:48:55,616 [WARN] DbFile:41 - Overriding database path with different value: /home/josefigueroa/.stmcufinder/plugins/mcufinder/ => /home/josefigueroa/.stmcufinder/plugins/mcufinder
2025-09-28 19:48:55,616 [INFO] CrossReferenceDbSqlite:203 - Set database path to: /home/josefigueroa/.stmcufinder/plugins/mcufinder//mcu/cs/
2025-09-28 19:48:55,855 [INFO] MainPanel:272 - HeapMemory: 526385152
2025-09-28 19:48:56,204 [INFO] DbMcusXml:78 - Set database path to: /opt/st/stm32cubeide_1.18.0/plugins/com.st.stm32cube.common.mx_6.14.0.202502271554//db//mcu/
2025-09-28 19:48:56,205 [INFO] ApiDb:274 - Set plugin database path to: /opt/st/stm32cubeide_1.18.0/plugins/com.st.stm32cube.common.mx_6.14.0.202502271554//db//plugins/boardmanager/
2025-09-28 19:48:56,205 [INFO] ApiDb:261 - Set plugin images path to: /opt/st/stm32cubeide_1.18.0/plugins/com.st.stm32cube.common.mx_6.14.0.202502271554//db//plugins/mcufinder/images/
2025-09-28 19:48:56,206 [WARN] DbFile:41 - Overriding database path with different value: /home/josefigueroa/.stmcufinder/plugins/mcufinder/ => /home/josefigueroa/.stmcufinder/plugins/mcufinder
2025-09-28 19:48:56,206 [INFO] ApiDb:250 - Set database path to: /home/josefigueroa/.stmcufinder/plugins/mcufinder//mcu/
2025-09-28 19:48:56,206 [WARN] DbFile:41 - Overriding database path with different value: /home/josefigueroa/.stmcufinder/plugins/mcufinder/ => /home/josefigueroa/.stmcufinder/plugins/mcufinder
2025-09-28 19:48:56,207 [INFO] DbMcusAds:125 - Set database path to: /home/josefigueroa/.stmcufinder/plugins/mcufinder//mcu/
2025-09-28 19:48:56,207 [WARN] DbFile:41 - Overriding database path with different value: /home/josefigueroa/.stmcufinder/plugins/mcufinder/ => /home/josefigueroa/.stmcufinder/plugins/mcufinder
2025-09-28 19:48:56,207 [WARN] DbFile:41 - Overriding database path with different value: /home/josefigueroa/.stmcufinder/plugins/mcufinder/ => /home/josefigueroa/.stmcufinder/plugins/mcufinder
2025-09-28 19:48:56,207 [INFO] CrossReferenceDbSqlite:203 - Set database path to: /home/josefigueroa/.stmcufinder/plugins/mcufinder//mcu/cs/
2025-09-28 19:48:56,242 [INFO] ApplicationProperties:184 - Using Application install path: /opt/st/stm32cubeide_1.18.0/plugins/com.st.stm32cube.common.mx_6.14.0.202502271554
2025-09-28 19:48:56,245 [INFO] PluginManage:196 - Search for loadable plugins [exclusion list=, ]
2025-09-28 19:48:56,251 [INFO] PluginManage:310 - Check plugin analytics
2025-09-28 19:48:56,510 [INFO] AnalyticsPlugin:253 - Accepted Software Licenses: 
2025-09-28 19:48:56,510 [INFO] AnalyticsPlugin:255 - Accepted CMSIS Pack Licenses: 
2025-09-28 19:48:56,510 [INFO] AnalyticsPlugin:257 - Accepted Firmware Licenses: 
2025-09-28 19:48:56,513 [INFO] PluginManage:359 - Loaded plugin analytics (category:tool,tabindex:-1)
2025-09-28 19:48:56,514 [INFO] PluginManage:310 - Check plugin cadmodel
2025-09-28 19:48:56,524 [INFO] CADModel:105 - Init CAD model plugin
2025-09-28 19:48:56,525 [INFO] PluginManage:359 - Loaded plugin cadmodel (category:power,tabindex:5)
2025-09-28 19:48:56,526 [INFO] PluginManage:310 - Check plugin clock
2025-09-28 19:48:56,543 [INFO] PluginManage:359 - Loaded plugin clock (category:base,tabindex:2)
2025-09-28 19:48:56,544 [INFO] PluginManage:310 - Check plugin ddr
2025-09-28 19:48:56,548 [INFO] PluginManage:359 - Loaded plugin ddr (category:tool,tabindex:6)
2025-09-28 19:48:56,548 [INFO] PluginManage:310 - Check plugin filemanager
2025-09-28 19:48:56,790 [INFO] PluginManage:359 - Loaded plugin filemanager (category:base,tabindex:10)
2025-09-28 19:48:56,790 [INFO] PluginManage:310 - Check plugin ipmanager
2025-09-28 19:48:56,798 [INFO] PluginManage:359 - Loaded plugin ipmanager (category:base,tabindex:5)
2025-09-28 19:48:56,799 [INFO] PluginManage:310 - Check plugin lpbam
2025-09-28 19:48:56,812 [INFO] PluginManage:359 - Loaded plugin lpbam (category:base,tabindex:0)
2025-09-28 19:48:56,813 [INFO] PluginManage:310 - Check plugin memorymap
2025-09-28 19:48:56,830 [INFO] PluginManage:359 - Loaded plugin memorymap (category:base,tabindex:4)
2025-09-28 19:48:56,830 [INFO] PluginManage:310 - Check plugin pinoutandconfiguration
2025-09-28 19:48:56,844 [INFO] PluginManage:359 - Loaded plugin pinoutandconfiguration (category:base,tabindex:1)
2025-09-28 19:48:56,844 [INFO] PluginManage:310 - Check plugin pinoutconfig
2025-09-28 19:48:56,972 [WARN] SupportedApi:132 - Cannot load RTOS API schema: s4s-elt-must-match.1: The content of 'definitions' must match (annotation?, (simpleType | complexType)?, (unique | key | keyref)*)). A problem was found starting at: attribute.
2025-09-28 19:48:57,179 [INFO] PluginManage:359 - Loaded plugin pinoutconfig (category:base,tabindex:0)
2025-09-28 19:48:57,180 [INFO] PluginManage:310 - Check plugin power
2025-09-28 19:48:57,198 [INFO] PluginManage:359 - Loaded plugin power (category:power,tabindex:4)
2025-09-28 19:48:57,199 [INFO] PluginManage:310 - Check plugin projectmanager
2025-09-28 19:48:57,228 [INFO] PluginManage:359 - Loaded plugin projectmanager (category:projectmanager,tabindex:4)
2025-09-28 19:48:57,229 [INFO] PluginManage:310 - Check plugin rif
2025-09-28 19:48:57,238 [INFO] PluginManage:359 - Loaded plugin rif (category:base,tabindex:3)
2025-09-28 19:48:57,238 [INFO] PluginManage:310 - Check plugin thirdparty
2025-09-28 19:48:57,413 [INFO] PluginManage:359 - Loaded plugin thirdparty (category:base,tabindex:-1)
2025-09-28 19:48:57,413 [WARN] IntegrityCheckThread:84 - waiting for thirdparty lock release [integrity check]
2025-09-28 19:48:57,413 [INFO] PluginManage:310 - Check plugin tools
2025-09-28 19:48:57,413 [INFO] IntegrityCheckThread:86 - entering critical section [integrity check]
2025-09-28 19:48:57,414 [INFO] ThirdPartyUpdaterWithRetryManager:70 - Updater plugin not ready yet. [1/15]
2025-09-28 19:48:57,416 [INFO] PluginManage:359 - Loaded plugin tools (category:base,tabindex:7)
2025-09-28 19:48:57,417 [INFO] PluginManage:310 - Check plugin tutovideos
2025-09-28 19:48:57,700 [INFO] PluginManage:359 - Loaded plugin tutovideos (category:base,tabindex:-1)
2025-09-28 19:48:57,701 [INFO] PluginManage:310 - Check plugin updater
2025-09-28 19:48:57,735 [INFO] PluginManage:359 - Loaded plugin updater (category:base,tabindex:12)
2025-09-28 19:48:57,735 [INFO] PluginManage:310 - Check plugin userauth
2025-09-28 19:48:57,741 [INFO] UserAuth:118 - Init User Auth plugin
2025-09-28 19:48:57,742 [INFO] PluginManage:359 - Loaded plugin userauth (category:base,tabindex:14)
2025-09-28 19:48:57,744 [INFO] PluginManage:283 - PluginManage : Loaded plugins [18]
2025-09-28 19:48:58,013 [INFO] PinOutPanel:1589 - setPackage(No Configuration,No Configuration)
2025-09-28 19:48:58,093 [INFO] CADModel:165 - CPN selected for project level
2025-09-28 19:48:58,093 [INFO] CADModel:114 - Register for checkConnection events
2025-09-28 19:48:58,109 [INFO] IPUIPlugin:80 - create IPUIPlugin
2025-09-28 19:48:58,110 [INFO] PluginManager:220 - loadIPPluginJar : add ucpd
2025-09-28 19:48:58,112 [INFO] IPUIPlugin:80 - create IPUIPlugin
2025-09-28 19:48:58,113 [INFO] PluginManager:220 - loadIPPluginJar : add quadspi
2025-09-28 19:48:58,118 [INFO] IPUIPlugin:80 - create IPUIPlugin
2025-09-28 19:48:58,119 [INFO] PluginManager:220 - loadIPPluginJar : add gpio
2025-09-28 19:48:58,122 [INFO] IPUIPlugin:80 - create IPUIPlugin
2025-09-28 19:48:58,122 [INFO] PluginManager:220 - loadIPPluginJar : add fatfs
2025-09-28 19:48:58,130 [INFO] IPUIPlugin:80 - create IPUIPlugin
2025-09-28 19:48:58,131 [INFO] PluginManager:220 - loadIPPluginJar : add usbx
2025-09-28 19:48:58,134 [INFO] IPUIPlugin:80 - create IPUIPlugin
2025-09-28 19:48:58,134 [INFO] PluginManager:220 - loadIPPluginJar : add ddr_ctrl_phy
2025-09-28 19:48:58,145 [INFO] IPUIPlugin:80 - create IPUIPlugin
2025-09-28 19:48:58,145 [INFO] PluginManager:220 - loadIPPluginJar : add stm32_wpan
2025-09-28 19:48:58,148 [INFO] IPUIPlugin:80 - create IPUIPlugin
2025-09-28 19:48:58,148 [INFO] PluginManager:220 - loadIPPluginJar : add tracer_emb
2025-09-28 19:48:58,152 [INFO] IPUIPlugin:80 - create IPUIPlugin
2025-09-28 19:48:58,152 [INFO] PluginManager:220 - loadIPPluginJar : add i2s
2025-09-28 19:48:58,159 [INFO] IPUIPlugin:80 - create IPUIPlugin
2025-09-28 19:48:58,159 [INFO] PluginManager:220 - loadIPPluginJar : add freertos
2025-09-28 19:48:58,163 [INFO] IPUIPlugin:80 - create IPUIPlugin
2025-09-28 19:48:58,163 [INFO] PluginManager:220 - loadIPPluginJar : add cryp
2025-09-28 19:48:58,165 [INFO] IPUIPlugin:80 - create IPUIPlugin
2025-09-28 19:48:58,166 [INFO] PluginManager:220 - loadIPPluginJar : add usart
2025-09-28 19:48:58,169 [INFO] IPUIPlugin:80 - create IPUIPlugin
2025-09-28 19:48:58,170 [INFO] PluginManager:220 - loadIPPluginJar : add lorawan
2025-09-28 19:48:58,175 [INFO] IPUIPlugin:80 - create IPUIPlugin
2025-09-28 19:48:58,175 [INFO] PluginManager:220 - loadIPPluginJar : add nvic
2025-09-28 19:48:58,179 [INFO] IPUIPlugin:80 - create IPUIPlugin
2025-09-28 19:48:58,179 [INFO] PluginManager:220 - loadIPPluginJar : add can
2025-09-28 19:48:58,184 [INFO] IPUIPlugin:80 - create IPUIPlugin
2025-09-28 19:48:58,184 [INFO] PluginManager:220 - loadIPPluginJar : add hash
2025-09-28 19:48:58,186 [INFO] IPUIPlugin:80 - create IPUIPlugin
2025-09-28 19:48:58,186 [INFO] PluginManager:220 - loadIPPluginJar : add comp
2025-09-28 19:48:58,188 [INFO] IPUIPlugin:80 - create IPUIPlugin
2025-09-28 19:48:58,188 [INFO] PluginManager:220 - loadIPPluginJar : add genericplugin
2025-09-28 19:48:58,194 [INFO] IPUIPlugin:80 - create IPUIPlugin
2025-09-28 19:48:58,195 [INFO] PluginManager:220 - loadIPPluginJar : add i2c
2025-09-28 19:48:58,200 [INFO] IPUIPlugin:80 - create IPUIPlugin
2025-09-28 19:48:58,201 [INFO] PluginManager:220 - loadIPPluginJar : add dma3
2025-09-28 19:48:58,211 [INFO] IPUIPlugin:80 - create IPUIPlugin
2025-09-28 19:48:58,211 [INFO] PluginManager:220 - loadIPPluginJar : add adc
2025-09-28 19:48:58,221 [INFO] IPUIPlugin:80 - create IPUIPlugin
2025-09-28 19:48:58,222 [INFO] PluginManager:220 - loadIPPluginJar : add mdma
2025-09-28 19:48:58,226 [INFO] IPUIPlugin:80 - create IPUIPlugin
2025-09-28 19:48:58,226 [INFO] PluginManager:220 - loadIPPluginJar : add extmemmanager
2025-09-28 19:48:58,232 [INFO] IPUIPlugin:80 - create IPUIPlugin
2025-09-28 19:48:58,232 [INFO] PluginManager:220 - loadIPPluginJar : add resmgrutility
2025-09-28 19:48:58,244 [INFO] IPUIPlugin:80 - create IPUIPlugin
2025-09-28 19:48:58,249 [INFO] PluginManager:220 - loadIPPluginJar : add plateformsettings
2025-09-28 19:48:58,254 [INFO] IPUIPlugin:80 - create IPUIPlugin
2025-09-28 19:48:58,254 [INFO] PluginManager:220 - loadIPPluginJar : add aes
2025-09-28 19:48:58,258 [INFO] IPUIPlugin:80 - create IPUIPlugin
2025-09-28 19:48:58,258 [INFO] PluginManager:220 - loadIPPluginJar : add ipddr
2025-09-28 19:48:58,260 [INFO] IPUIPlugin:80 - create IPUIPlugin
2025-09-28 19:48:58,260 [INFO] PluginManager:220 - loadIPPluginJar : add ltdc
2025-09-28 19:48:58,262 [INFO] IPUIPlugin:80 - create IPUIPlugin
2025-09-28 19:48:58,262 [INFO] PluginManager:220 - loadIPPluginJar : add tsc
2025-09-28 19:48:58,265 [INFO] IPUIPlugin:80 - create IPUIPlugin
2025-09-28 19:48:58,265 [INFO] PluginManager:220 - loadIPPluginJar : add touchsensing
2025-09-28 19:48:58,268 [INFO] IPUIPlugin:80 - create IPUIPlugin
2025-09-28 19:48:58,268 [INFO] PluginManager:220 - loadIPPluginJar : add sai
2025-09-28 19:48:58,271 [INFO] IPUIPlugin:80 - create IPUIPlugin
2025-09-28 19:48:58,271 [INFO] PluginManager:220 - loadIPPluginJar : add gfxmmu
2025-09-28 19:48:58,280 [INFO] IPUIPlugin:80 - create IPUIPlugin
2025-09-28 19:48:58,280 [INFO] PluginManager:220 - loadIPPluginJar : add dfsdm
2025-09-28 19:48:58,282 [INFO] IPUIPlugin:80 - create IPUIPlugin
2025-09-28 19:48:58,283 [INFO] PluginManager:220 - loadIPPluginJar : add radio
2025-09-28 19:48:58,285 [INFO] IPUIPlugin:80 - create IPUIPlugin
2025-09-28 19:48:58,285 [INFO] PluginManager:220 - loadIPPluginJar : add spi
2025-09-28 19:48:58,291 [INFO] IPUIPlugin:80 - create IPUIPlugin
2025-09-28 19:48:58,291 [INFO] PluginManager:220 - loadIPPluginJar : add openamp
2025-09-28 19:48:58,294 [INFO] IPUIPlugin:80 - create IPUIPlugin
2025-09-28 19:48:58,295 [INFO] PluginManager:220 - loadIPPluginJar : add gtzc
2025-09-28 19:48:58,299 [INFO] IPUIPlugin:80 - create IPUIPlugin
2025-09-28 19:48:58,299 [INFO] PluginManager:220 - loadIPPluginJar : add ts
2025-09-28 19:48:58,311 [INFO] IPUIPlugin:80 - create IPUIPlugin
2025-09-28 19:48:58,311 [INFO] PluginManager:220 - loadIPPluginJar : add linkedlist
2025-09-28 19:48:58,319 [INFO] IPUIPlugin:80 - create IPUIPlugin
2025-09-28 19:48:58,319 [INFO] PluginManager:220 - loadIPPluginJar : add fmc
2025-09-28 19:48:58,330 [INFO] IPUIPlugin:80 - create IPUIPlugin
2025-09-28 19:48:58,330 [INFO] PluginManager:220 - loadIPPluginJar : add dma
2025-09-28 19:48:58,334 [INFO] IPUIPlugin:80 - create IPUIPlugin
2025-09-28 19:48:58,334 [INFO] PluginManager:220 - loadIPPluginJar : add i3c
2025-09-28 19:48:58,343 [INFO] IPUIPlugin:80 - create IPUIPlugin
2025-09-28 19:48:58,343 [INFO] PluginManager:220 - loadIPPluginJar : add gic
2025-09-28 19:48:58,347 [INFO] IPUIPlugin:80 - create IPUIPlugin
2025-09-28 19:48:58,347 [INFO] PluginManager:220 - loadIPPluginJar : add pdm2pcm
2025-09-28 19:48:58,350 [INFO] IPUIPlugin:80 - create IPUIPlugin
2025-09-28 19:48:58,350 [INFO] PluginManager:220 - loadIPPluginJar : add tim
2025-09-28 19:48:58,354 [INFO] IPUIPlugin:80 - create IPUIPlugin
2025-09-28 19:48:58,355 [INFO] PluginManager:220 - loadIPPluginJar : add opamp
2025-09-28 19:48:58,475 [FATAL] Updater:351 - Updater called before beeing initialized
2025-09-28 19:48:58,513 [INFO] RulesReader:64 - Compatibility file has been processed (301 Rules)
2025-09-28 19:48:58,532 [INFO] RulesReader:64 - Compatibility file has been processed (301 Rules)
2025-09-28 19:48:58,541 [INFO] CADModel:165 - CPN selected for project level
2025-09-28 19:48:58,541 [INFO] CADModel:114 - Register for checkConnection events
2025-09-28 19:48:58,542 [FATAL] Updater:351 - Updater called before beeing initialized
2025-09-28 19:48:58,542 [ERROR] CADModel:125 - Updater not yet initialized, retry later 
2025-09-28 19:48:58,686 [FATAL] Updater:351 - Updater called before beeing initialized
2025-09-28 19:48:58,688 [INFO] CADModel:165 - CPN selected for project level
2025-09-28 19:48:58,688 [INFO] CADModel:114 - Register for checkConnection events
2025-09-28 19:48:58,688 [FATAL] Updater:351 - Updater called before beeing initialized
2025-09-28 19:48:58,689 [ERROR] CADModel:125 - Updater not yet initialized, retry later 
2025-09-28 19:48:58,694 [FATAL] Updater:351 - Updater called before beeing initialized
2025-09-28 19:48:58,804 [FATAL] Updater:351 - Updater called before beeing initialized
2025-09-28 19:48:58,809 [INFO] DbMcusAds:53 - JSON generation date=Thu Mar 06 08:54:21 CST 2025 (1741272861825)
2025-09-28 19:48:58,809 [FATAL] Updater:351 - Updater called before beeing initialized
2025-09-28 19:48:58,851 [WARN] DetailPanel:346 - Failed to get advertising image, set to default
2025-09-28 19:48:59,225 [FATAL] Updater:351 - Updater called before beeing initialized
2025-09-28 19:48:59,230 [FATAL] Updater:351 - Updater called before beeing initialized
2025-09-28 19:48:59,230 [FATAL] Updater:351 - Updater called before beeing initialized
2025-09-28 19:48:59,230 [WARN] DetailPanel:346 - Failed to get advertising image, set to default
2025-09-28 19:48:59,233 [FATAL] Updater:351 - Updater called before beeing initialized
2025-09-28 19:48:59,294 [ERROR] Updater:1198 - MainUpdater not yet initialized. External WinMGr cannot be set.
2025-09-28 19:48:59,298 [INFO] Updater:1134 - Updater Version found : 6.14.0
2025-09-28 19:48:59,325 [INFO] ApplicationProperties:184 - Using Application install path: /opt/st/stm32cubeide_1.18.0/plugins/com.st.stm32cube.common.mx_6.14.0.202502271554
2025-09-28 19:48:59,345 [ERROR] LogOutputStream:75 - [STDERR_REDIRECT] Sep 28, 2025 7:48:59 PM java.util.prefs.FileSystemPreferences$2 run
2025-09-28 19:48:59,345 [ERROR] LogOutputStream:75 - [STDERR_REDIRECT] WARNING: Could not create system preferences directory. System preferences are unusable.
2025-09-28 19:48:59,346 [ERROR] LogOutputStream:75 - [STDERR_REDIRECT] 
2025-09-28 19:48:59,634 [INFO] MainUpdater:2872 - connection check result : 10
2025-09-28 19:48:59,634 [INFO] MainUpdater:3566 - Updater definition file requires update
2025-09-28 19:48:59,634 [INFO] MainUpdater:289 - Updater Check For Update Now.
2025-09-28 19:48:59,634 [INFO] MicroXplorer:498 - Change Database Version : DB.6.0.140
2025-09-28 19:48:59,640 [INFO] McuFinderGlobals:63 - Set McuFinder mode to 2 (CubeIDE integrated)
2025-09-28 19:48:59,641 [INFO] UserAuth:171 - activating auth plugin
2025-09-28 19:48:59,644 [INFO] UserAuth:486 - Internet connection configuration mode: 1
2025-09-28 19:48:59,662 [INFO] JxBrowserEngine:152 - Initiate JxBrowser Engine with user profile folder
2025-09-28 19:48:59,672 [INFO] ServerAccessManage:473 - Download File updaters.zip
2025-09-28 19:48:59,875 [INFO] FileExtend:242 - Unzip File : updaters.zip
2025-09-28 19:48:59,876 [INFO] FileExtend:257 - Standard Zip Deflate
2025-09-28 19:49:00,415 [WARN] MainUpdater:1193 - Updater busy. Cannot search thirdparties
2025-09-28 19:49:00,416 [INFO] ThirdPartyUpdaterWithRetryManager:96 - Updater plugin is busy. [1/15]
2025-09-28 19:49:00,909 [INFO] ServerAccessManage:473 - Download File PacksControlFlags.xml
2025-09-28 19:49:01,022 [INFO] ServerAccessManage:473 - Download File cubemx.pidx
2025-09-28 19:49:01,755 [INFO] ServerAccessManage:473 - Download File STMicroelectronics.FP-SNS-STBOX1.pdsc
2025-09-28 19:49:02,061 [INFO] WebApp:169 - Instantiating new browser for Auth
2025-09-28 19:49:02,878 [INFO] ServerAccessManage:473 - Download File STMicroelectronics.FP-SNS-STAIOTCFT.pdsc
2025-09-28 19:49:03,416 [WARN] MainUpdater:1193 - Updater busy. Cannot search thirdparties
2025-09-28 19:49:03,417 [INFO] ThirdPartyUpdaterWithRetryManager:96 - Updater plugin is busy. [2/15]
2025-09-28 19:49:03,747 [INFO] ServerAccessManage:473 - Download File STMicroelectronics.X-CUBE-AI.pdsc
2025-09-28 19:49:04,440 [INFO] WebApp:463 - Apply proxy settings
2025-09-28 19:49:04,441 [INFO] WebApp:548 - Chromium requires no authentication
2025-09-28 19:49:04,461 [INFO] WebApp:491 - Direct internet connection detected
2025-09-28 19:49:04,546 [INFO] WebApp:894 - Register for checkConnection events
2025-09-28 19:49:04,546 [INFO] WebApp:463 - Apply proxy settings
2025-09-28 19:49:04,546 [INFO] WebApp:548 - Chromium requires no authentication
2025-09-28 19:49:04,548 [INFO] WebApp:491 - Direct internet connection detected
2025-09-28 19:49:05,115 [INFO] WebApp:191 - Connection restablished
2025-09-28 19:49:05,301 [INFO] WebApp:225 - Starting web application
2025-09-28 19:49:05,301 [INFO] WebApp:593 - Web application path used /opt/st/stm32cubeide_1.18.0/plugins/com.st.stm32cube.common.mx_6.14.0.202502271554/db/plugins/mcufinder/reactClient1/index.html
2025-09-28 19:49:05,936 [INFO] ServerAccessManage:473 - Download File STMicroelectronics.X-CUBE-BLEMGR.pdsc
2025-09-28 19:49:06,422 [WARN] MainUpdater:1193 - Updater busy. Cannot search thirdparties
2025-09-28 19:49:06,423 [INFO] ThirdPartyUpdaterWithRetryManager:96 - Updater plugin is busy. [3/15]
2025-09-28 19:49:08,374 [ERROR] ServerAccessManage:1089 - Problem, file not found on Server
2025-09-28 19:49:09,423 [WARN] MainUpdater:1193 - Updater busy. Cannot search thirdparties
2025-09-28 19:49:09,424 [INFO] ThirdPartyUpdaterWithRetryManager:96 - Updater plugin is busy. [4/15]
2025-09-28 19:49:12,424 [WARN] MainUpdater:1193 - Updater busy. Cannot search thirdparties
2025-09-28 19:49:12,425 [INFO] ThirdPartyUpdaterWithRetryManager:96 - Updater plugin is busy. [5/15]
2025-09-28 19:49:13,959 [INFO] ServerAccessManage:473 - Download File STMicroelectronics.X-CUBE-DPOWER.pdsc
2025-09-28 19:49:15,426 [WARN] MainUpdater:1193 - Updater busy. Cannot search thirdparties
2025-09-28 19:49:15,426 [INFO] ThirdPartyUpdaterWithRetryManager:96 - Updater plugin is busy. [6/15]
2025-09-28 19:49:16,325 [ERROR] ServerAccessManage:1089 - Problem, file not found on Server
2025-09-28 19:49:16,947 [ERROR] ServerAccessManage:1089 - Problem, file not found on Server
2025-09-28 19:49:18,082 [ERROR] ServerAccessManage:1089 - Problem, file not found on Server
2025-09-28 19:49:18,427 [WARN] MainUpdater:1193 - Updater busy. Cannot search thirdparties
2025-09-28 19:49:18,427 [INFO] ThirdPartyUpdaterWithRetryManager:96 - Updater plugin is busy. [7/15]
2025-09-28 19:49:18,587 [ERROR] ServerAccessManage:1089 - Problem, file not found on Server
2025-09-28 19:49:19,223 [ERROR] ServerAccessManage:1089 - Problem, file not found on Server
2025-09-28 19:49:19,912 [ERROR] ServerAccessManage:1089 - Problem, file not found on Server
2025-09-28 19:49:20,648 [ERROR] ServerAccessManage:1089 - Problem, file not found on Server
2025-09-28 19:49:21,428 [WARN] MainUpdater:1193 - Updater busy. Cannot search thirdparties
2025-09-28 19:49:21,429 [INFO] ThirdPartyUpdaterWithRetryManager:96 - Updater plugin is busy. [8/15]
2025-09-28 19:49:21,701 [ERROR] ServerAccessManage:1089 - Problem, file not found on Server
2025-09-28 19:49:22,358 [ERROR] ServerAccessManage:1089 - Problem, file not found on Server
2025-09-28 19:49:23,080 [ERROR] ServerAccessManage:1089 - Problem, file not found on Server
2025-09-28 19:49:23,451 [ERROR] LogOutputStream:75 - [STDERR_REDIRECT] Sep 28, 2025 7:49:23 PM java.util.prefs.FileSystemPreferences checkLockFile0ErrorCode
2025-09-28 19:49:23,451 [ERROR] LogOutputStream:75 - [STDERR_REDIRECT] WARNING: Could not lock System prefs. Unix error code 2.
2025-09-28 19:49:23,452 [ERROR] LogOutputStream:75 - [STDERR_REDIRECT] 
2025-09-28 19:49:23,455 [ERROR] LogOutputStream:75 - [STDERR_REDIRECT] Sep 28, 2025 7:49:23 PM java.util.prefs.FileSystemPreferences syncWorld
2025-09-28 19:49:23,455 [ERROR] LogOutputStream:75 - [STDERR_REDIRECT] WARNING: Couldn't flush system prefs: java.util.prefs.BackingStoreException: Couldn't get file lock.
2025-09-28 19:49:23,455 [ERROR] LogOutputStream:75 - [STDERR_REDIRECT] 
2025-09-28 19:49:23,747 [ERROR] ServerAccessManage:1089 - Problem, file not found on Server
2025-09-28 19:49:24,426 [INFO] ServerAccessManage:473 - Download File STMicroelectronics.X-CUBE-EEPRMA1.pdsc
2025-09-28 19:49:24,438 [WARN] MainUpdater:1193 - Updater busy. Cannot search thirdparties
2025-09-28 19:49:24,439 [INFO] ThirdPartyUpdaterWithRetryManager:96 - Updater plugin is busy. [9/15]
2025-09-28 19:49:26,618 [ERROR] ServerAccessManage:1089 - Problem, file not found on Server
2025-09-28 19:49:27,439 [WARN] MainUpdater:1193 - Updater busy. Cannot search thirdparties
2025-09-28 19:49:27,440 [INFO] ThirdPartyUpdaterWithRetryManager:96 - Updater plugin is busy. [10/15]
2025-09-28 19:49:28,432 [ERROR] ServerAccessManage:1089 - Problem, file not found on Server
2025-09-28 19:49:30,440 [WARN] MainUpdater:1193 - Updater busy. Cannot search thirdparties
2025-09-28 19:49:30,440 [INFO] ThirdPartyUpdaterWithRetryManager:96 - Updater plugin is busy. [11/15]
2025-09-28 19:49:31,494 [INFO] ServerAccessManage:473 - Download File STMicroelectronics.X-CUBE-FREERTOS.pdsc
2025-09-28 19:49:33,441 [WARN] MainUpdater:1193 - Updater busy. Cannot search thirdparties
2025-09-28 19:49:33,442 [INFO] ThirdPartyUpdaterWithRetryManager:96 - Updater plugin is busy. [12/15]
2025-09-28 19:49:36,442 [WARN] MainUpdater:1193 - Updater busy. Cannot search thirdparties
2025-09-28 19:49:36,442 [INFO] ThirdPartyUpdaterWithRetryManager:96 - Updater plugin is busy. [13/15]
2025-09-28 19:49:36,944 [INFO] ServerAccessManage:473 - Download File STMicroelectronics.X-CUBE-MEMS1.pdsc
2025-09-28 19:49:39,443 [WARN] MainUpdater:1193 - Updater busy. Cannot search thirdparties
2025-09-28 19:49:39,443 [INFO] ThirdPartyUpdaterWithRetryManager:96 - Updater plugin is busy. [14/15]
2025-09-28 19:49:42,443 [WARN] MainUpdater:1193 - Updater busy. Cannot search thirdparties
2025-09-28 19:49:42,444 [INFO] ThirdPartyUpdaterWithRetryManager:96 - Updater plugin is busy. [15/15]
2025-09-28 19:49:42,444 [ERROR] IntegrityCheckThread:130 - Cannot retrieve database content from updater: error -1
2025-09-28 19:49:42,445 [INFO] ThirdParty:978 - Integrity check success = false
2025-09-28 19:49:42,445 [INFO] IntegrityCheckThread:100 - exiting critical section [integrity check]
2025-09-28 19:49:42,445 [INFO] IntegrityCheckThread:103 - End integrity checks thread
2025-09-28 19:49:53,406 [ERROR] LogOutputStream:75 - [STDERR_REDIRECT] Sep 28, 2025 7:49:53 PM java.util.prefs.FileSystemPreferences checkLockFile0ErrorCode
2025-09-28 19:49:53,408 [ERROR] LogOutputStream:75 - [STDERR_REDIRECT] WARNING: Could not lock System prefs. Unix error code 2.
2025-09-28 19:49:53,408 [ERROR] LogOutputStream:75 - [STDERR_REDIRECT] 
2025-09-28 19:49:53,409 [ERROR] LogOutputStream:75 - [STDERR_REDIRECT] Sep 28, 2025 7:49:53 PM java.util.prefs.FileSystemPreferences syncWorld
2025-09-28 19:49:53,409 [ERROR] LogOutputStream:75 - [STDERR_REDIRECT] WARNING: Couldn't flush system prefs: java.util.prefs.BackingStoreException: Couldn't get file lock.
2025-09-28 19:49:53,409 [ERROR] LogOutputStream:75 - [STDERR_REDIRECT] 
2025-09-28 19:49:54,974 [INFO] ServerAccessManage:473 - Download File STMicroelectronics.X-CUBE-NFC7.pdsc
2025-09-28 19:49:57,471 [INFO] ServerAccessManage:473 - Download File STMicroelectronics.X-CUBE-NFC12.pdsc
2025-09-28 19:49:58,605 [INFO] ServerAccessManage:473 - Download File STMicroelectronics.X-CUBE-ST60.pdsc
2025-09-28 19:50:00,053 [INFO] ServerAccessManage:473 - Download File STMicroelectronics.X-CUBE-ST67W61.pdsc
2025-09-28 19:50:00,650 [INFO] ServerAccessManage:473 - Download File STMicroelectronics.X-CUBE-STSE01.pdsc
2025-09-28 19:50:01,110 [INFO] ServerAccessManage:473 - Download File STMicroelectronics.X-CUBE-PM33A1.pdsc
2025-09-28 19:50:02,284 [INFO] ServerAccessManage:473 - Download File STMicroelectronics.X-CUBE-TOF1.pdsc
2025-09-28 19:50:09,660 [ERROR] ServerAccessManage:1089 - Problem, file not found on Server
2025-09-28 19:50:10,723 [INFO] ServerAccessManage:473 - Download File STMicroelectronics.X-CUBE-AZRTOS-H7.pdsc
2025-09-28 19:50:16,845 [INFO] ServerAccessManage:473 - Download File STMicroelectronics.X-CUBE-WB05N.pdsc
2025-09-28 19:50:17,861 [WARN] PopulateThirdPartyThread:106 - Error when creating pack: /home/josefigueroa/.stm32cubemx/thirdparties/pdsc/STMicroelectronics.FP-SNS-STBOX1.pdsc
2025-09-28 19:50:17,899 [WARN] PackLoader:240 - Cannot read IP mode file for STMicroelectronics.FP-SNS-STAIOTCFT.1.0.0
2025-09-28 19:50:17,909 [WARN] PackLoader:240 - Cannot read IP mode file for STMicroelectronics.X-CUBE-AI.10.2.0
2025-09-28 19:50:17,933 [WARN] PackLoader:240 - Cannot read IP mode file for STMicroelectronics.X-CUBE-BLEMGR.4.1.0
2025-09-28 19:50:17,953 [WARN] PackLoader:240 - Cannot read IP mode file for STMicroelectronics.X-CUBE-DPower.1.3.0
2025-09-28 19:50:17,966 [WARN] PackLoader:240 - Cannot read IP mode file for STMicroelectronics.X-CUBE-EEPRMA1.5.2.0
2025-09-28 19:50:17,983 [WARN] PackLoader:240 - Cannot read IP mode file for STMicroelectronics.X-CUBE-FREERTOS.1.3.1
2025-09-28 19:50:18,038 [INFO] CheckServerUpdateThread:120 - End of CheckServer Thread
2025-09-28 19:50:18,056 [WARN] PackLoader:240 - Cannot read IP mode file for STMicroelectronics.X-CUBE-MEMS1.11.3.0
2025-09-28 19:50:18,188 [WARN] PackLoader:240 - Cannot read IP mode file for STMicroelectronics.X-CUBE-NFC7.2.0.0
2025-09-28 19:50:18,195 [WARN] PackLoader:240 - Cannot read IP mode file for STMicroelectronics.X-CUBE-NFC12.1.0.0
2025-09-28 19:50:18,200 [WARN] PackLoader:240 - Cannot read IP mode file for STMicroelectronics.X-CUBE-ST60.1.0.0
2025-09-28 19:50:18,206 [WARN] PackLoader:240 - Cannot read IP mode file for STMicroelectronics.X-CUBE-ST67W61.1.0.0
2025-09-28 19:50:18,213 [WARN] PackLoader:240 - Cannot read IP mode file for STMicroelectronics.X-CUBE-STSE01.1.0.0
2025-09-28 19:50:18,218 [WARN] PackLoader:240 - Cannot read IP mode file for STMicroelectronics.X-CUBE-PM33A1.1.0.0
2025-09-28 19:50:18,228 [WARN] PackLoader:240 - Cannot read IP mode file for STMicroelectronics.X-CUBE-TOF1.3.4.3
2025-09-28 19:50:18,259 [WARN] PackLoader:240 - Cannot read IP mode file for STMicroelectronics.X-CUBE-AZRTOS-H7.3.4.0
2025-09-28 19:50:18,271 [WARN] PackLoader:240 - Cannot read IP mode file for STMicroelectronics.X-CUBE-WB05N.2.0.0
2025-09-28 19:50:18,273 [INFO] PopulateThirdPartyThread:66 - Ending populate Thread
2025-09-28 19:50:18,275 [INFO] ThirdParty:1030 - CMSIS Pack Vendor :STMicroelectronics X-CUBE-ST67W61 1.0.0
2025-09-28 19:50:18,276 [INFO] ThirdParty:1030 - CMSIS Pack Vendor :STMicroelectronics X-CUBE-PM33A1 1.0.0
2025-09-28 19:50:18,276 [INFO] ThirdParty:1030 - CMSIS Pack Vendor :STMicroelectronics X-CUBE-AZRTOS-H7 3.4.0
2025-09-28 19:50:18,276 [INFO] ThirdParty:1030 - CMSIS Pack Vendor :STMicroelectronics FP-SNS-STAIOTCFT 1.0.0
2025-09-28 19:50:18,276 [INFO] ThirdParty:1030 - CMSIS Pack Vendor :STMicroelectronics X-CUBE-AI 10.2.0
2025-09-28 19:50:18,276 [INFO] ThirdParty:1030 - CMSIS Pack Vendor :STMicroelectronics X-CUBE-NFC7 2.0.0
2025-09-28 19:50:18,276 [INFO] ThirdParty:1030 - CMSIS Pack Vendor :STMicroelectronics X-CUBE-DPower 1.3.0
2025-09-28 19:50:18,276 [INFO] ThirdParty:1030 - CMSIS Pack Vendor :STMicroelectronics X-CUBE-MEMS1 11.3.0
2025-09-28 19:50:18,276 [INFO] ThirdParty:1030 - CMSIS Pack Vendor :STMicroelectronics X-CUBE-FREERTOS 1.3.1
2025-09-28 19:50:18,276 [INFO] ThirdParty:1030 - CMSIS Pack Vendor :STMicroelectronics X-CUBE-BLEMGR 4.1.0
2025-09-28 19:50:18,276 [INFO] ThirdParty:1030 - CMSIS Pack Vendor :STMicroelectronics X-CUBE-EEPRMA1 5.2.0
2025-09-28 19:50:18,276 [INFO] ThirdParty:1030 - CMSIS Pack Vendor :STMicroelectronics X-CUBE-ST60 1.0.0
2025-09-28 19:50:18,276 [INFO] ThirdParty:1030 - CMSIS Pack Vendor :STMicroelectronics X-CUBE-TOF1 3.4.3
2025-09-28 19:50:18,276 [INFO] ThirdParty:1030 - CMSIS Pack Vendor :STMicroelectronics X-CUBE-NFC12 1.0.0
2025-09-28 19:50:18,276 [INFO] ThirdParty:1030 - CMSIS Pack Vendor :STMicroelectronics X-CUBE-STSE01 1.0.0
2025-09-28 19:50:18,276 [INFO] ThirdParty:1030 - CMSIS Pack Vendor :STMicroelectronics X-CUBE-WB05N 2.0.0
2025-09-28 19:50:18,277 [INFO] LoadServerUpdatesThread:375 - End of LoadServerUpdate Thread
2025-09-28 19:50:23,407 [ERROR] LogOutputStream:75 - [STDERR_REDIRECT] Sep 28, 2025 7:50:23 PM java.util.prefs.FileSystemPreferences checkLockFile0ErrorCode
2025-09-28 19:50:23,408 [ERROR] LogOutputStream:75 - [STDERR_REDIRECT] WARNING: Could not lock System prefs. Unix error code 2.
2025-09-28 19:50:23,408 [ERROR] LogOutputStream:75 - [STDERR_REDIRECT] 
2025-09-28 19:50:23,409 [ERROR] LogOutputStream:75 - [STDERR_REDIRECT] Sep 28, 2025 7:50:23 PM java.util.prefs.FileSystemPreferences syncWorld
2025-09-28 19:50:23,409 [ERROR] LogOutputStream:75 - [STDERR_REDIRECT] WARNING: Couldn't flush system prefs: java.util.prefs.BackingStoreException: Couldn't get file lock.
2025-09-28 19:50:23,409 [ERROR] LogOutputStream:75 - [STDERR_REDIRECT] 
2025-09-28 19:50:53,404 [ERROR] LogOutputStream:75 - [STDERR_REDIRECT] Sep 28, 2025 7:50:53 PM java.util.prefs.FileSystemPreferences checkLockFile0ErrorCode
2025-09-28 19:50:53,406 [ERROR] LogOutputStream:75 - [STDERR_REDIRECT] WARNING: Could not lock System prefs. Unix error code 2.
2025-09-28 19:50:53,406 [ERROR] LogOutputStream:75 - [STDERR_REDIRECT] 
2025-09-28 19:50:53,407 [ERROR] LogOutputStream:75 - [STDERR_REDIRECT] Sep 28, 2025 7:50:53 PM java.util.prefs.FileSystemPreferences syncWorld
2025-09-28 19:50:53,407 [ERROR] LogOutputStream:75 - [STDERR_REDIRECT] WARNING: Couldn't flush system prefs: java.util.prefs.BackingStoreException: Couldn't get file lock.
2025-09-28 19:50:53,407 [ERROR] LogOutputStream:75 - [STDERR_REDIRECT] 
2025-09-28 19:51:23,403 [ERROR] LogOutputStream:75 - [STDERR_REDIRECT] Sep 28, 2025 7:51:23 PM java.util.prefs.FileSystemPreferences checkLockFile0ErrorCode
2025-09-28 19:51:23,403 [ERROR] LogOutputStream:75 - [STDERR_REDIRECT] WARNING: Could not lock System prefs. Unix error code 2.
2025-09-28 19:51:23,404 [ERROR] LogOutputStream:75 - [STDERR_REDIRECT] 
2025-09-28 19:51:23,404 [ERROR] LogOutputStream:75 - [STDERR_REDIRECT] Sep 28, 2025 7:51:23 PM java.util.prefs.FileSystemPreferences syncWorld
2025-09-28 19:51:23,404 [ERROR] LogOutputStream:75 - [STDERR_REDIRECT] WARNING: Couldn't flush system prefs: java.util.prefs.BackingStoreException: Couldn't get file lock.
2025-09-28 19:51:23,405 [ERROR] LogOutputStream:75 - [STDERR_REDIRECT] 
2025-09-28 19:51:53,401 [ERROR] LogOutputStream:75 - [STDERR_REDIRECT] Sep 28, 2025 7:51:53 PM java.util.prefs.FileSystemPreferences checkLockFile0ErrorCode
2025-09-28 19:51:53,402 [ERROR] LogOutputStream:75 - [STDERR_REDIRECT] WARNING: Could not lock System prefs. Unix error code 2.
2025-09-28 19:51:53,402 [ERROR] LogOutputStream:75 - [STDERR_REDIRECT] 
2025-09-28 19:51:53,403 [ERROR] LogOutputStream:75 - [STDERR_REDIRECT] Sep 28, 2025 7:51:53 PM java.util.prefs.FileSystemPreferences syncWorld
2025-09-28 19:51:53,403 [ERROR] LogOutputStream:75 - [STDERR_REDIRECT] WARNING: Couldn't flush system prefs: java.util.prefs.BackingStoreException: Couldn't get file lock.
2025-09-28 19:51:53,403 [ERROR] LogOutputStream:75 - [STDERR_REDIRECT] 
2025-09-28 19:52:23,403 [ERROR] LogOutputStream:75 - [STDERR_REDIRECT] Sep 28, 2025 7:52:23 PM java.util.prefs.FileSystemPreferences checkLockFile0ErrorCode
2025-09-28 19:52:23,403 [ERROR] LogOutputStream:75 - [STDERR_REDIRECT] WARNING: Could not lock System prefs. Unix error code 2.
2025-09-28 19:52:23,403 [ERROR] LogOutputStream:75 - [STDERR_REDIRECT] 
2025-09-28 19:52:23,404 [ERROR] LogOutputStream:75 - [STDERR_REDIRECT] Sep 28, 2025 7:52:23 PM java.util.prefs.FileSystemPreferences syncWorld
2025-09-28 19:52:23,404 [ERROR] LogOutputStream:75 - [STDERR_REDIRECT] WARNING: Couldn't flush system prefs: java.util.prefs.BackingStoreException: Couldn't get file lock.
2025-09-28 19:52:23,404 [ERROR] LogOutputStream:75 - [STDERR_REDIRECT] 
2025-09-28 19:52:53,403 [ERROR] LogOutputStream:75 - [STDERR_REDIRECT] Sep 28, 2025 7:52:53 PM java.util.prefs.FileSystemPreferences checkLockFile0ErrorCode
2025-09-28 19:52:53,403 [ERROR] LogOutputStream:75 - [STDERR_REDIRECT] WARNING: Could not lock System prefs. Unix error code 2.
2025-09-28 19:52:53,403 [ERROR] LogOutputStream:75 - [STDERR_REDIRECT] 
2025-09-28 19:52:53,404 [ERROR] LogOutputStream:75 - [STDERR_REDIRECT] Sep 28, 2025 7:52:53 PM java.util.prefs.FileSystemPreferences syncWorld
2025-09-28 19:52:53,404 [ERROR] LogOutputStream:75 - [STDERR_REDIRECT] WARNING: Couldn't flush system prefs: java.util.prefs.BackingStoreException: Couldn't get file lock.
2025-09-28 19:52:53,404 [ERROR] LogOutputStream:75 - [STDERR_REDIRECT] 
2025-09-28 19:53:23,403 [ERROR] LogOutputStream:75 - [STDERR_REDIRECT] Sep 28, 2025 7:53:23 PM java.util.prefs.FileSystemPreferences checkLockFile0ErrorCode
2025-09-28 19:53:23,404 [ERROR] LogOutputStream:75 - [STDERR_REDIRECT] WARNING: Could not lock System prefs. Unix error code 2.
2025-09-28 19:53:23,404 [ERROR] LogOutputStream:75 - [STDERR_REDIRECT] 
2025-09-28 19:53:23,405 [ERROR] LogOutputStream:75 - [STDERR_REDIRECT] Sep 28, 2025 7:53:23 PM java.util.prefs.FileSystemPreferences syncWorld
2025-09-28 19:53:23,405 [ERROR] LogOutputStream:75 - [STDERR_REDIRECT] WARNING: Couldn't flush system prefs: java.util.prefs.BackingStoreException: Couldn't get file lock.
2025-09-28 19:53:23,405 [ERROR] LogOutputStream:75 - [STDERR_REDIRECT] 
2025-09-28 19:53:53,405 [ERROR] LogOutputStream:75 - [STDERR_REDIRECT] Sep 28, 2025 7:53:53 PM java.util.prefs.FileSystemPreferences checkLockFile0ErrorCode
2025-09-28 19:53:53,405 [ERROR] LogOutputStream:75 - [STDERR_REDIRECT] WARNING: Could not lock System prefs. Unix error code 2.
2025-09-28 19:53:53,406 [ERROR] LogOutputStream:75 - [STDERR_REDIRECT] 
2025-09-28 19:53:53,406 [ERROR] LogOutputStream:75 - [STDERR_REDIRECT] Sep 28, 2025 7:53:53 PM java.util.prefs.FileSystemPreferences syncWorld
2025-09-28 19:53:53,407 [ERROR] LogOutputStream:75 - [STDERR_REDIRECT] WARNING: Couldn't flush system prefs: java.util.prefs.BackingStoreException: Couldn't get file lock.
2025-09-28 19:53:53,407 [ERROR] LogOutputStream:75 - [STDERR_REDIRECT] 
2025-09-28 19:54:23,408 [ERROR] LogOutputStream:75 - [STDERR_REDIRECT] Sep 28, 2025 7:54:23 PM java.util.prefs.FileSystemPreferences checkLockFile0ErrorCode
2025-09-28 19:54:23,409 [ERROR] LogOutputStream:75 - [STDERR_REDIRECT] WARNING: Could not lock System prefs. Unix error code 2.
2025-09-28 19:54:23,409 [ERROR] LogOutputStream:75 - [STDERR_REDIRECT] 
2025-09-28 19:54:23,410 [ERROR] LogOutputStream:75 - [STDERR_REDIRECT] Sep 28, 2025 7:54:23 PM java.util.prefs.FileSystemPreferences syncWorld
2025-09-28 19:54:23,410 [ERROR] LogOutputStream:75 - [STDERR_REDIRECT] WARNING: Couldn't flush system prefs: java.util.prefs.BackingStoreException: Couldn't get file lock.
2025-09-28 19:54:23,410 [ERROR] LogOutputStream:75 - [STDERR_REDIRECT] 
2025-09-28 19:54:53,403 [ERROR] LogOutputStream:75 - [STDERR_REDIRECT] Sep 28, 2025 7:54:53 PM java.util.prefs.FileSystemPreferences checkLockFile0ErrorCode
2025-09-28 19:54:53,404 [ERROR] LogOutputStream:75 - [STDERR_REDIRECT] WARNING: Could not lock System prefs. Unix error code 2.
2025-09-28 19:54:53,404 [ERROR] LogOutputStream:75 - [STDERR_REDIRECT] 
2025-09-28 19:54:53,404 [ERROR] LogOutputStream:75 - [STDERR_REDIRECT] Sep 28, 2025 7:54:53 PM java.util.prefs.FileSystemPreferences syncWorld
2025-09-28 19:54:53,405 [ERROR] LogOutputStream:75 - [STDERR_REDIRECT] WARNING: Couldn't flush system prefs: java.util.prefs.BackingStoreException: Couldn't get file lock.
2025-09-28 19:54:53,405 [ERROR] LogOutputStream:75 - [STDERR_REDIRECT] 
2025-09-28 19:55:23,404 [ERROR] LogOutputStream:75 - [STDERR_REDIRECT] Sep 28, 2025 7:55:23 PM java.util.prefs.FileSystemPreferences checkLockFile0ErrorCode
2025-09-28 19:55:23,404 [ERROR] LogOutputStream:75 - [STDERR_REDIRECT] WARNING: Could not lock System prefs. Unix error code 2.
2025-09-28 19:55:23,405 [ERROR] LogOutputStream:75 - [STDERR_REDIRECT] 
2025-09-28 19:55:23,405 [ERROR] LogOutputStream:75 - [STDERR_REDIRECT] Sep 28, 2025 7:55:23 PM java.util.prefs.FileSystemPreferences syncWorld
2025-09-28 19:55:23,406 [ERROR] LogOutputStream:75 - [STDERR_REDIRECT] WARNING: Couldn't flush system prefs: java.util.prefs.BackingStoreException: Couldn't get file lock.
2025-09-28 19:55:23,406 [ERROR] LogOutputStream:75 - [STDERR_REDIRECT] 
2025-09-28 19:55:53,403 [ERROR] LogOutputStream:75 - [STDERR_REDIRECT] Sep 28, 2025 7:55:53 PM java.util.prefs.FileSystemPreferences checkLockFile0ErrorCode
2025-09-28 19:55:53,404 [ERROR] LogOutputStream:75 - [STDERR_REDIRECT] WARNING: Could not lock System prefs. Unix error code 2.
2025-09-28 19:55:53,404 [ERROR] LogOutputStream:75 - [STDERR_REDIRECT] 
2025-09-28 19:55:53,405 [ERROR] LogOutputStream:75 - [STDERR_REDIRECT] Sep 28, 2025 7:55:53 PM java.util.prefs.FileSystemPreferences syncWorld
2025-09-28 19:55:53,405 [ERROR] LogOutputStream:75 - [STDERR_REDIRECT] WARNING: Couldn't flush system prefs: java.util.prefs.BackingStoreException: Couldn't get file lock.
2025-09-28 19:55:53,405 [ERROR] LogOutputStream:75 - [STDERR_REDIRECT] 
2025-09-28 19:56:23,403 [ERROR] LogOutputStream:75 - [STDERR_REDIRECT] Sep 28, 2025 7:56:23 PM java.util.prefs.FileSystemPreferences checkLockFile0ErrorCode
2025-09-28 19:56:23,404 [ERROR] LogOutputStream:75 - [STDERR_REDIRECT] WARNING: Could not lock System prefs. Unix error code 2.
2025-09-28 19:56:23,404 [ERROR] LogOutputStream:75 - [STDERR_REDIRECT] 
2025-09-28 19:56:23,404 [ERROR] LogOutputStream:75 - [STDERR_REDIRECT] Sep 28, 2025 7:56:23 PM java.util.prefs.FileSystemPreferences syncWorld
2025-09-28 19:56:23,405 [ERROR] LogOutputStream:75 - [STDERR_REDIRECT] WARNING: Couldn't flush system prefs: java.util.prefs.BackingStoreException: Couldn't get file lock.
2025-09-28 19:56:23,405 [ERROR] LogOutputStream:75 - [STDERR_REDIRECT] 
2025-09-28 19:56:53,403 [ERROR] LogOutputStream:75 - [STDERR_REDIRECT] Sep 28, 2025 7:56:53 PM java.util.prefs.FileSystemPreferences checkLockFile0ErrorCode
2025-09-28 19:56:53,404 [ERROR] LogOutputStream:75 - [STDERR_REDIRECT] WARNING: Could not lock System prefs. Unix error code 2.
2025-09-28 19:56:53,404 [ERROR] LogOutputStream:75 - [STDERR_REDIRECT] 
2025-09-28 19:56:53,404 [ERROR] LogOutputStream:75 - [STDERR_REDIRECT] Sep 28, 2025 7:56:53 PM java.util.prefs.FileSystemPreferences syncWorld
2025-09-28 19:56:53,405 [ERROR] LogOutputStream:75 - [STDERR_REDIRECT] WARNING: Couldn't flush system prefs: java.util.prefs.BackingStoreException: Couldn't get file lock.
2025-09-28 19:56:53,405 [ERROR] LogOutputStream:75 - [STDERR_REDIRECT] 
2025-09-28 19:57:23,404 [ERROR] LogOutputStream:75 - [STDERR_REDIRECT] Sep 28, 2025 7:57:23 PM java.util.prefs.FileSystemPreferences checkLockFile0ErrorCode
2025-09-28 19:57:23,404 [ERROR] LogOutputStream:75 - [STDERR_REDIRECT] WARNING: Could not lock System prefs. Unix error code 2.
2025-09-28 19:57:23,404 [ERROR] LogOutputStream:75 - [STDERR_REDIRECT] 
2025-09-28 19:57:23,405 [ERROR] LogOutputStream:75 - [STDERR_REDIRECT] Sep 28, 2025 7:57:23 PM java.util.prefs.FileSystemPreferences syncWorld
2025-09-28 19:57:23,405 [ERROR] LogOutputStream:75 - [STDERR_REDIRECT] WARNING: Couldn't flush system prefs: java.util.prefs.BackingStoreException: Couldn't get file lock.
2025-09-28 19:57:23,405 [ERROR] LogOutputStream:75 - [STDERR_REDIRECT] 
2025-09-28 19:57:53,404 [ERROR] LogOutputStream:75 - [STDERR_REDIRECT] Sep 28, 2025 7:57:53 PM java.util.prefs.FileSystemPreferences checkLockFile0ErrorCode
2025-09-28 19:57:53,404 [ERROR] LogOutputStream:75 - [STDERR_REDIRECT] WARNING: Could not lock System prefs. Unix error code 2.
2025-09-28 19:57:53,404 [ERROR] LogOutputStream:75 - [STDERR_REDIRECT] 
2025-09-28 19:57:53,405 [ERROR] LogOutputStream:75 - [STDERR_REDIRECT] Sep 28, 2025 7:57:53 PM java.util.prefs.FileSystemPreferences syncWorld
2025-09-28 19:57:53,405 [ERROR] LogOutputStream:75 - [STDERR_REDIRECT] WARNING: Couldn't flush system prefs: java.util.prefs.BackingStoreException: Couldn't get file lock.
2025-09-28 19:57:53,405 [ERROR] LogOutputStream:75 - [STDERR_REDIRECT] 
2025-09-28 19:58:23,404 [ERROR] LogOutputStream:75 - [STDERR_REDIRECT] Sep 28, 2025 7:58:23 PM java.util.prefs.FileSystemPreferences checkLockFile0ErrorCode
2025-09-28 19:58:23,404 [ERROR] LogOutputStream:75 - [STDERR_REDIRECT] WARNING: Could not lock System prefs. Unix error code 2.
2025-09-28 19:58:23,404 [ERROR] LogOutputStream:75 - [STDERR_REDIRECT] 
2025-09-28 19:58:23,404 [ERROR] LogOutputStream:75 - [STDERR_REDIRECT] Sep 28, 2025 7:58:23 PM java.util.prefs.FileSystemPreferences syncWorld
2025-09-28 19:58:23,404 [ERROR] LogOutputStream:75 - [STDERR_REDIRECT] WARNING: Couldn't flush system prefs: java.util.prefs.BackingStoreException: Couldn't get file lock.
2025-09-28 19:58:23,404 [ERROR] LogOutputStream:75 - [STDERR_REDIRECT] 
2025-09-28 19:58:53,404 [ERROR] LogOutputStream:75 - [STDERR_REDIRECT] Sep 28, 2025 7:58:53 PM java.util.prefs.FileSystemPreferences checkLockFile0ErrorCode
2025-09-28 19:58:53,405 [ERROR] LogOutputStream:75 - [STDERR_REDIRECT] WARNING: Could not lock System prefs. Unix error code 2.
2025-09-28 19:58:53,405 [ERROR] LogOutputStream:75 - [STDERR_REDIRECT] 
2025-09-28 19:58:53,406 [ERROR] LogOutputStream:75 - [STDERR_REDIRECT] Sep 28, 2025 7:58:53 PM java.util.prefs.FileSystemPreferences syncWorld
2025-09-28 19:58:53,406 [ERROR] LogOutputStream:75 - [STDERR_REDIRECT] WARNING: Couldn't flush system prefs: java.util.prefs.BackingStoreException: Couldn't get file lock.
2025-09-28 19:58:53,406 [ERROR] LogOutputStream:75 - [STDERR_REDIRECT] 
2025-09-28 19:59:23,405 [ERROR] LogOutputStream:75 - [STDERR_REDIRECT] Sep 28, 2025 7:59:23 PM java.util.prefs.FileSystemPreferences checkLockFile0ErrorCode
2025-09-28 19:59:23,406 [ERROR] LogOutputStream:75 - [STDERR_REDIRECT] WARNING: Could not lock System prefs. Unix error code 2.
2025-09-28 19:59:23,406 [ERROR] LogOutputStream:75 - [STDERR_REDIRECT] 
2025-09-28 19:59:23,406 [ERROR] LogOutputStream:75 - [STDERR_REDIRECT] Sep 28, 2025 7:59:23 PM java.util.prefs.FileSystemPreferences syncWorld
2025-09-28 19:59:23,407 [ERROR] LogOutputStream:75 - [STDERR_REDIRECT] WARNING: Couldn't flush system prefs: java.util.prefs.BackingStoreException: Couldn't get file lock.
2025-09-28 19:59:23,407 [ERROR] LogOutputStream:75 - [STDERR_REDIRECT] 
2025-09-28 19:59:53,405 [ERROR] LogOutputStream:75 - [STDERR_REDIRECT] Sep 28, 2025 7:59:53 PM java.util.prefs.FileSystemPreferences checkLockFile0ErrorCode
2025-09-28 19:59:53,405 [ERROR] LogOutputStream:75 - [STDERR_REDIRECT] WARNING: Could not lock System prefs. Unix error code 2.
2025-09-28 19:59:53,405 [ERROR] LogOutputStream:75 - [STDERR_REDIRECT] 
2025-09-28 19:59:53,406 [ERROR] LogOutputStream:75 - [STDERR_REDIRECT] Sep 28, 2025 7:59:53 PM java.util.prefs.FileSystemPreferences syncWorld
2025-09-28 19:59:53,406 [ERROR] LogOutputStream:75 - [STDERR_REDIRECT] WARNING: Couldn't flush system prefs: java.util.prefs.BackingStoreException: Couldn't get file lock.
2025-09-28 19:59:53,406 [ERROR] LogOutputStream:75 - [STDERR_REDIRECT] 
2025-09-28 20:00:23,405 [ERROR] LogOutputStream:75 - [STDERR_REDIRECT] Sep 28, 2025 8:00:23 PM java.util.prefs.FileSystemPreferences checkLockFile0ErrorCode
2025-09-28 20:00:23,405 [ERROR] LogOutputStream:75 - [STDERR_REDIRECT] WARNING: Could not lock System prefs. Unix error code 2.
2025-09-28 20:00:23,405 [ERROR] LogOutputStream:75 - [STDERR_REDIRECT] 
2025-09-28 20:00:23,406 [ERROR] LogOutputStream:75 - [STDERR_REDIRECT] Sep 28, 2025 8:00:23 PM java.util.prefs.FileSystemPreferences syncWorld
2025-09-28 20:00:23,406 [ERROR] LogOutputStream:75 - [STDERR_REDIRECT] WARNING: Couldn't flush system prefs: java.util.prefs.BackingStoreException: Couldn't get file lock.
2025-09-28 20:00:23,406 [ERROR] LogOutputStream:75 - [STDERR_REDIRECT] 
2025-09-28 20:00:53,405 [ERROR] LogOutputStream:75 - [STDERR_REDIRECT] Sep 28, 2025 8:00:53 PM java.util.prefs.FileSystemPreferences checkLockFile0ErrorCode
2025-09-28 20:00:53,406 [ERROR] LogOutputStream:75 - [STDERR_REDIRECT] WARNING: Could not lock System prefs. Unix error code 2.
2025-09-28 20:00:53,406 [ERROR] LogOutputStream:75 - [STDERR_REDIRECT] 
2025-09-28 20:00:53,406 [ERROR] LogOutputStream:75 - [STDERR_REDIRECT] Sep 28, 2025 8:00:53 PM java.util.prefs.FileSystemPreferences syncWorld
2025-09-28 20:00:53,407 [ERROR] LogOutputStream:75 - [STDERR_REDIRECT] WARNING: Couldn't flush system prefs: java.util.prefs.BackingStoreException: Couldn't get file lock.
2025-09-28 20:00:53,407 [ERROR] LogOutputStream:75 - [STDERR_REDIRECT] 
2025-09-28 20:01:23,405 [ERROR] LogOutputStream:75 - [STDERR_REDIRECT] Sep 28, 2025 8:01:23 PM java.util.prefs.FileSystemPreferences checkLockFile0ErrorCode
2025-09-28 20:01:23,406 [ERROR] LogOutputStream:75 - [STDERR_REDIRECT] WARNING: Could not lock System prefs. Unix error code 2.
2025-09-28 20:01:23,406 [ERROR] LogOutputStream:75 - [STDERR_REDIRECT] 
2025-09-28 20:01:23,407 [ERROR] LogOutputStream:75 - [STDERR_REDIRECT] Sep 28, 2025 8:01:23 PM java.util.prefs.FileSystemPreferences syncWorld
2025-09-28 20:01:23,407 [ERROR] LogOutputStream:75 - [STDERR_REDIRECT] WARNING: Couldn't flush system prefs: java.util.prefs.BackingStoreException: Couldn't get file lock.
2025-09-28 20:01:23,407 [ERROR] LogOutputStream:75 - [STDERR_REDIRECT] 
2025-09-28 20:01:53,406 [ERROR] LogOutputStream:75 - [STDERR_REDIRECT] Sep 28, 2025 8:01:53 PM java.util.prefs.FileSystemPreferences checkLockFile0ErrorCode
2025-09-28 20:01:53,406 [ERROR] LogOutputStream:75 - [STDERR_REDIRECT] WARNING: Could not lock System prefs. Unix error code 2.
2025-09-28 20:01:53,406 [ERROR] LogOutputStream:75 - [STDERR_REDIRECT] 
2025-09-28 20:01:53,407 [ERROR] LogOutputStream:75 - [STDERR_REDIRECT] Sep 28, 2025 8:01:53 PM java.util.prefs.FileSystemPreferences syncWorld
2025-09-28 20:01:53,407 [ERROR] LogOutputStream:75 - [STDERR_REDIRECT] WARNING: Couldn't flush system prefs: java.util.prefs.BackingStoreException: Couldn't get file lock.
2025-09-28 20:01:53,407 [ERROR] LogOutputStream:75 - [STDERR_REDIRECT] 
2025-09-28 20:02:23,406 [ERROR] LogOutputStream:75 - [STDERR_REDIRECT] Sep 28, 2025 8:02:23 PM java.util.prefs.FileSystemPreferences checkLockFile0ErrorCode
2025-09-28 20:02:23,406 [ERROR] LogOutputStream:75 - [STDERR_REDIRECT] WARNING: Could not lock System prefs. Unix error code 2.
2025-09-28 20:02:23,406 [ERROR] LogOutputStream:75 - [STDERR_REDIRECT] 
2025-09-28 20:02:23,407 [ERROR] LogOutputStream:75 - [STDERR_REDIRECT] Sep 28, 2025 8:02:23 PM java.util.prefs.FileSystemPreferences syncWorld
2025-09-28 20:02:23,407 [ERROR] LogOutputStream:75 - [STDERR_REDIRECT] WARNING: Couldn't flush system prefs: java.util.prefs.BackingStoreException: Couldn't get file lock.
2025-09-28 20:02:23,407 [ERROR] LogOutputStream:75 - [STDERR_REDIRECT] 
2025-09-28 20:02:53,405 [ERROR] LogOutputStream:75 - [STDERR_REDIRECT] Sep 28, 2025 8:02:53 PM java.util.prefs.FileSystemPreferences checkLockFile0ErrorCode
2025-09-28 20:02:53,405 [ERROR] LogOutputStream:75 - [STDERR_REDIRECT] WARNING: Could not lock System prefs. Unix error code 2.
2025-09-28 20:02:53,405 [ERROR] LogOutputStream:75 - [STDERR_REDIRECT] 
2025-09-28 20:02:53,406 [ERROR] LogOutputStream:75 - [STDERR_REDIRECT] Sep 28, 2025 8:02:53 PM java.util.prefs.FileSystemPreferences syncWorld
2025-09-28 20:02:53,406 [ERROR] LogOutputStream:75 - [STDERR_REDIRECT] WARNING: Couldn't flush system prefs: java.util.prefs.BackingStoreException: Couldn't get file lock.
2025-09-28 20:02:53,406 [ERROR] LogOutputStream:75 - [STDERR_REDIRECT] 
2025-09-28 20:03:23,405 [ERROR] LogOutputStream:75 - [STDERR_REDIRECT] Sep 28, 2025 8:03:23 PM java.util.prefs.FileSystemPreferences checkLockFile0ErrorCode
2025-09-28 20:03:23,405 [ERROR] LogOutputStream:75 - [STDERR_REDIRECT] WARNING: Could not lock System prefs. Unix error code 2.
2025-09-28 20:03:23,406 [ERROR] LogOutputStream:75 - [STDERR_REDIRECT] 
2025-09-28 20:03:23,406 [ERROR] LogOutputStream:75 - [STDERR_REDIRECT] Sep 28, 2025 8:03:23 PM java.util.prefs.FileSystemPreferences syncWorld
2025-09-28 20:03:23,406 [ERROR] LogOutputStream:75 - [STDERR_REDIRECT] WARNING: Couldn't flush system prefs: java.util.prefs.BackingStoreException: Couldn't get file lock.
2025-09-28 20:03:23,406 [ERROR] LogOutputStream:75 - [STDERR_REDIRECT] 
2025-09-28 20:03:53,405 [ERROR] LogOutputStream:75 - [STDERR_REDIRECT] Sep 28, 2025 8:03:53 PM java.util.prefs.FileSystemPreferences checkLockFile0ErrorCode
2025-09-28 20:03:53,405 [ERROR] LogOutputStream:75 - [STDERR_REDIRECT] WARNING: Could not lock System prefs. Unix error code 2.
2025-09-28 20:03:53,405 [ERROR] LogOutputStream:75 - [STDERR_REDIRECT] 
2025-09-28 20:03:53,406 [ERROR] LogOutputStream:75 - [STDERR_REDIRECT] Sep 28, 2025 8:03:53 PM java.util.prefs.FileSystemPreferences syncWorld
2025-09-28 20:03:53,406 [ERROR] LogOutputStream:75 - [STDERR_REDIRECT] WARNING: Couldn't flush system prefs: java.util.prefs.BackingStoreException: Couldn't get file lock.
2025-09-28 20:03:53,406 [ERROR] LogOutputStream:75 - [STDERR_REDIRECT] 
2025-09-28 20:04:23,406 [ERROR] LogOutputStream:75 - [STDERR_REDIRECT] Sep 28, 2025 8:04:23 PM java.util.prefs.FileSystemPreferences checkLockFile0ErrorCode
2025-09-28 20:04:23,407 [ERROR] LogOutputStream:75 - [STDERR_REDIRECT] WARNING: Could not lock System prefs. Unix error code 2.
2025-09-28 20:04:23,407 [ERROR] LogOutputStream:75 - [STDERR_REDIRECT] 
2025-09-28 20:04:23,408 [ERROR] LogOutputStream:75 - [STDERR_REDIRECT] Sep 28, 2025 8:04:23 PM java.util.prefs.FileSystemPreferences syncWorld
2025-09-28 20:04:23,408 [ERROR] LogOutputStream:75 - [STDERR_REDIRECT] WARNING: Couldn't flush system prefs: java.util.prefs.BackingStoreException: Couldn't get file lock.
2025-09-28 20:04:23,408 [ERROR] LogOutputStream:75 - [STDERR_REDIRECT] 
2025-09-28 20:04:53,407 [ERROR] LogOutputStream:75 - [STDERR_REDIRECT] Sep 28, 2025 8:04:53 PM java.util.prefs.FileSystemPreferences checkLockFile0ErrorCode
2025-09-28 20:04:53,407 [ERROR] LogOutputStream:75 - [STDERR_REDIRECT] WARNING: Could not lock System prefs. Unix error code 2.
2025-09-28 20:04:53,407 [ERROR] LogOutputStream:75 - [STDERR_REDIRECT] 
2025-09-28 20:04:53,408 [ERROR] LogOutputStream:75 - [STDERR_REDIRECT] Sep 28, 2025 8:04:53 PM java.util.prefs.FileSystemPreferences syncWorld
2025-09-28 20:04:53,408 [ERROR] LogOutputStream:75 - [STDERR_REDIRECT] WARNING: Couldn't flush system prefs: java.util.prefs.BackingStoreException: Couldn't get file lock.
2025-09-28 20:04:53,408 [ERROR] LogOutputStream:75 - [STDERR_REDIRECT] 
2025-09-28 20:05:23,407 [ERROR] LogOutputStream:75 - [STDERR_REDIRECT] Sep 28, 2025 8:05:23 PM java.util.prefs.FileSystemPreferences checkLockFile0ErrorCode
2025-09-28 20:05:23,407 [ERROR] LogOutputStream:75 - [STDERR_REDIRECT] WARNING: Could not lock System prefs. Unix error code 2.
2025-09-28 20:05:23,408 [ERROR] LogOutputStream:75 - [STDERR_REDIRECT] 
2025-09-28 20:05:23,408 [ERROR] LogOutputStream:75 - [STDERR_REDIRECT] Sep 28, 2025 8:05:23 PM java.util.prefs.FileSystemPreferences syncWorld
2025-09-28 20:05:23,408 [ERROR] LogOutputStream:75 - [STDERR_REDIRECT] WARNING: Couldn't flush system prefs: java.util.prefs.BackingStoreException: Couldn't get file lock.
2025-09-28 20:05:23,408 [ERROR] LogOutputStream:75 - [STDERR_REDIRECT] 
2025-09-28 20:05:53,406 [ERROR] LogOutputStream:75 - [STDERR_REDIRECT] Sep 28, 2025 8:05:53 PM java.util.prefs.FileSystemPreferences checkLockFile0ErrorCode
2025-09-28 20:05:53,407 [ERROR] LogOutputStream:75 - [STDERR_REDIRECT] WARNING: Could not lock System prefs. Unix error code 2.
2025-09-28 20:05:53,407 [ERROR] LogOutputStream:75 - [STDERR_REDIRECT] 
2025-09-28 20:05:53,407 [ERROR] LogOutputStream:75 - [STDERR_REDIRECT] Sep 28, 2025 8:05:53 PM java.util.prefs.FileSystemPreferences syncWorld
2025-09-28 20:05:53,408 [ERROR] LogOutputStream:75 - [STDERR_REDIRECT] WARNING: Couldn't flush system prefs: java.util.prefs.BackingStoreException: Couldn't get file lock.
2025-09-28 20:05:53,408 [ERROR] LogOutputStream:75 - [STDERR_REDIRECT] 
2025-09-28 20:06:23,406 [ERROR] LogOutputStream:75 - [STDERR_REDIRECT] Sep 28, 2025 8:06:23 PM java.util.prefs.FileSystemPreferences checkLockFile0ErrorCode
2025-09-28 20:06:23,407 [ERROR] LogOutputStream:75 - [STDERR_REDIRECT] WARNING: Could not lock System prefs. Unix error code 2.
2025-09-28 20:06:23,407 [ERROR] LogOutputStream:75 - [STDERR_REDIRECT] 
2025-09-28 20:06:23,407 [ERROR] LogOutputStream:75 - [STDERR_REDIRECT] Sep 28, 2025 8:06:23 PM java.util.prefs.FileSystemPreferences syncWorld
2025-09-28 20:06:23,408 [ERROR] LogOutputStream:75 - [STDERR_REDIRECT] WARNING: Couldn't flush system prefs: java.util.prefs.BackingStoreException: Couldn't get file lock.
2025-09-28 20:06:23,408 [ERROR] LogOutputStream:75 - [STDERR_REDIRECT] 
2025-09-28 20:06:53,406 [ERROR] LogOutputStream:75 - [STDERR_REDIRECT] Sep 28, 2025 8:06:53 PM java.util.prefs.FileSystemPreferences checkLockFile0ErrorCode
2025-09-28 20:06:53,406 [ERROR] LogOutputStream:75 - [STDERR_REDIRECT] WARNING: Could not lock System prefs. Unix error code 2.
2025-09-28 20:06:53,406 [ERROR] LogOutputStream:75 - [STDERR_REDIRECT] 
2025-09-28 20:06:53,407 [ERROR] LogOutputStream:75 - [STDERR_REDIRECT] Sep 28, 2025 8:06:53 PM java.util.prefs.FileSystemPreferences syncWorld
2025-09-28 20:06:53,407 [ERROR] LogOutputStream:75 - [STDERR_REDIRECT] WARNING: Couldn't flush system prefs: java.util.prefs.BackingStoreException: Couldn't get file lock.
2025-09-28 20:06:53,407 [ERROR] LogOutputStream:75 - [STDERR_REDIRECT] 
2025-09-28 20:07:23,406 [ERROR] LogOutputStream:75 - [STDERR_REDIRECT] Sep 28, 2025 8:07:23 PM java.util.prefs.FileSystemPreferences checkLockFile0ErrorCode
2025-09-28 20:07:23,407 [ERROR] LogOutputStream:75 - [STDERR_REDIRECT] WARNING: Could not lock System prefs. Unix error code 2.
2025-09-28 20:07:23,407 [ERROR] LogOutputStream:75 - [STDERR_REDIRECT] 
2025-09-28 20:07:23,407 [ERROR] LogOutputStream:75 - [STDERR_REDIRECT] Sep 28, 2025 8:07:23 PM java.util.prefs.FileSystemPreferences syncWorld
2025-09-28 20:07:23,408 [ERROR] LogOutputStream:75 - [STDERR_REDIRECT] WARNING: Couldn't flush system prefs: java.util.prefs.BackingStoreException: Couldn't get file lock.
2025-09-28 20:07:23,408 [ERROR] LogOutputStream:75 - [STDERR_REDIRECT] 
2025-09-28 20:07:53,406 [ERROR] LogOutputStream:75 - [STDERR_REDIRECT] Sep 28, 2025 8:07:53 PM java.util.prefs.FileSystemPreferences checkLockFile0ErrorCode
2025-09-28 20:07:53,406 [ERROR] LogOutputStream:75 - [STDERR_REDIRECT] WARNING: Could not lock System prefs. Unix error code 2.
2025-09-28 20:07:53,406 [ERROR] LogOutputStream:75 - [STDERR_REDIRECT] 
2025-09-28 20:07:53,407 [ERROR] LogOutputStream:75 - [STDERR_REDIRECT] Sep 28, 2025 8:07:53 PM java.util.prefs.FileSystemPreferences syncWorld
2025-09-28 20:07:53,407 [ERROR] LogOutputStream:75 - [STDERR_REDIRECT] WARNING: Couldn't flush system prefs: java.util.prefs.BackingStoreException: Couldn't get file lock.
2025-09-28 20:07:53,407 [ERROR] LogOutputStream:75 - [STDERR_REDIRECT] 
2025-09-28 20:08:23,406 [ERROR] LogOutputStream:75 - [STDERR_REDIRECT] Sep 28, 2025 8:08:23 PM java.util.prefs.FileSystemPreferences checkLockFile0ErrorCode
2025-09-28 20:08:23,406 [ERROR] LogOutputStream:75 - [STDERR_REDIRECT] WARNING: Could not lock System prefs. Unix error code 2.
2025-09-28 20:08:23,406 [ERROR] LogOutputStream:75 - [STDERR_REDIRECT] 
2025-09-28 20:08:23,407 [ERROR] LogOutputStream:75 - [STDERR_REDIRECT] Sep 28, 2025 8:08:23 PM java.util.prefs.FileSystemPreferences syncWorld
2025-09-28 20:08:23,407 [ERROR] LogOutputStream:75 - [STDERR_REDIRECT] WARNING: Couldn't flush system prefs: java.util.prefs.BackingStoreException: Couldn't get file lock.
2025-09-28 20:08:23,407 [ERROR] LogOutputStream:75 - [STDERR_REDIRECT] 
2025-09-28 20:08:53,406 [ERROR] LogOutputStream:75 - [STDERR_REDIRECT] Sep 28, 2025 8:08:53 PM java.util.prefs.FileSystemPreferences checkLockFile0ErrorCode
2025-09-28 20:08:53,406 [ERROR] LogOutputStream:75 - [STDERR_REDIRECT] WARNING: Could not lock System prefs. Unix error code 2.
2025-09-28 20:08:53,407 [ERROR] LogOutputStream:75 - [STDERR_REDIRECT] 
2025-09-28 20:08:53,407 [ERROR] LogOutputStream:75 - [STDERR_REDIRECT] Sep 28, 2025 8:08:53 PM java.util.prefs.FileSystemPreferences syncWorld
2025-09-28 20:08:53,407 [ERROR] LogOutputStream:75 - [STDERR_REDIRECT] WARNING: Couldn't flush system prefs: java.util.prefs.BackingStoreException: Couldn't get file lock.
2025-09-28 20:08:53,407 [ERROR] LogOutputStream:75 - [STDERR_REDIRECT] 
2025-09-28 20:09:23,407 [ERROR] LogOutputStream:75 - [STDERR_REDIRECT] Sep 28, 2025 8:09:23 PM java.util.prefs.FileSystemPreferences checkLockFile0ErrorCode
2025-09-28 20:09:23,407 [ERROR] LogOutputStream:75 - [STDERR_REDIRECT] WARNING: Could not lock System prefs. Unix error code 2.
2025-09-28 20:09:23,407 [ERROR] LogOutputStream:75 - [STDERR_REDIRECT] 
2025-09-28 20:09:23,407 [ERROR] LogOutputStream:75 - [STDERR_REDIRECT] Sep 28, 2025 8:09:23 PM java.util.prefs.FileSystemPreferences syncWorld
2025-09-28 20:09:23,408 [ERROR] LogOutputStream:75 - [STDERR_REDIRECT] WARNING: Couldn't flush system prefs: java.util.prefs.BackingStoreException: Couldn't get file lock.
2025-09-28 20:09:23,408 [ERROR] LogOutputStream:75 - [STDERR_REDIRECT] 
2025-09-28 20:09:53,406 [ERROR] LogOutputStream:75 - [STDERR_REDIRECT] Sep 28, 2025 8:09:53 PM java.util.prefs.FileSystemPreferences checkLockFile0ErrorCode
2025-09-28 20:09:53,406 [ERROR] LogOutputStream:75 - [STDERR_REDIRECT] WARNING: Could not lock System prefs. Unix error code 2.
2025-09-28 20:09:53,406 [ERROR] LogOutputStream:75 - [STDERR_REDIRECT] 
2025-09-28 20:09:53,406 [ERROR] LogOutputStream:75 - [STDERR_REDIRECT] Sep 28, 2025 8:09:53 PM java.util.prefs.FileSystemPreferences syncWorld
2025-09-28 20:09:53,407 [ERROR] LogOutputStream:75 - [STDERR_REDIRECT] WARNING: Couldn't flush system prefs: java.util.prefs.BackingStoreException: Couldn't get file lock.
2025-09-28 20:09:53,407 [ERROR] LogOutputStream:75 - [STDERR_REDIRECT] 
2025-09-28 20:10:23,405 [ERROR] LogOutputStream:75 - [STDERR_REDIRECT] Sep 28, 2025 8:10:23 PM java.util.prefs.FileSystemPreferences checkLockFile0ErrorCode
2025-09-28 20:10:23,406 [ERROR] LogOutputStream:75 - [STDERR_REDIRECT] WARNING: Could not lock System prefs. Unix error code 2.
2025-09-28 20:10:23,406 [ERROR] LogOutputStream:75 - [STDERR_REDIRECT] 
2025-09-28 20:10:23,406 [ERROR] LogOutputStream:75 - [STDERR_REDIRECT] Sep 28, 2025 8:10:23 PM java.util.prefs.FileSystemPreferences syncWorld
2025-09-28 20:10:23,406 [ERROR] LogOutputStream:75 - [STDERR_REDIRECT] WARNING: Couldn't flush system prefs: java.util.prefs.BackingStoreException: Couldn't get file lock.
2025-09-28 20:10:23,406 [ERROR] LogOutputStream:75 - [STDERR_REDIRECT] 
2025-09-28 20:10:53,407 [ERROR] LogOutputStream:75 - [STDERR_REDIRECT] Sep 28, 2025 8:10:53 PM java.util.prefs.FileSystemPreferences checkLockFile0ErrorCode
2025-09-28 20:10:53,407 [ERROR] LogOutputStream:75 - [STDERR_REDIRECT] WARNING: Could not lock System prefs. Unix error code 2.
2025-09-28 20:10:53,407 [ERROR] LogOutputStream:75 - [STDERR_REDIRECT] 
2025-09-28 20:10:53,408 [ERROR] LogOutputStream:75 - [STDERR_REDIRECT] Sep 28, 2025 8:10:53 PM java.util.prefs.FileSystemPreferences syncWorld
2025-09-28 20:10:53,408 [ERROR] LogOutputStream:75 - [STDERR_REDIRECT] WARNING: Couldn't flush system prefs: java.util.prefs.BackingStoreException: Couldn't get file lock.
2025-09-28 20:10:53,408 [ERROR] LogOutputStream:75 - [STDERR_REDIRECT] 
2025-09-28 20:11:23,407 [ERROR] LogOutputStream:75 - [STDERR_REDIRECT] Sep 28, 2025 8:11:23 PM java.util.prefs.FileSystemPreferences checkLockFile0ErrorCode
2025-09-28 20:11:23,407 [ERROR] LogOutputStream:75 - [STDERR_REDIRECT] WARNING: Could not lock System prefs. Unix error code 2.
2025-09-28 20:11:23,407 [ERROR] LogOutputStream:75 - [STDERR_REDIRECT] 
2025-09-28 20:11:23,407 [ERROR] LogOutputStream:75 - [STDERR_REDIRECT] Sep 28, 2025 8:11:23 PM java.util.prefs.FileSystemPreferences syncWorld
2025-09-28 20:11:23,407 [ERROR] LogOutputStream:75 - [STDERR_REDIRECT] WARNING: Couldn't flush system prefs: java.util.prefs.BackingStoreException: Couldn't get file lock.
2025-09-28 20:11:23,407 [ERROR] LogOutputStream:75 - [STDERR_REDIRECT] 
2025-09-28 20:11:53,408 [ERROR] LogOutputStream:75 - [STDERR_REDIRECT] Sep 28, 2025 8:11:53 PM java.util.prefs.FileSystemPreferences checkLockFile0ErrorCode
2025-09-28 20:11:53,408 [ERROR] LogOutputStream:75 - [STDERR_REDIRECT] WARNING: Could not lock System prefs. Unix error code 2.
2025-09-28 20:11:53,408 [ERROR] LogOutputStream:75 - [STDERR_REDIRECT] 
2025-09-28 20:11:53,409 [ERROR] LogOutputStream:75 - [STDERR_REDIRECT] Sep 28, 2025 8:11:53 PM java.util.prefs.FileSystemPreferences syncWorld
2025-09-28 20:11:53,409 [ERROR] LogOutputStream:75 - [STDERR_REDIRECT] WARNING: Couldn't flush system prefs: java.util.prefs.BackingStoreException: Couldn't get file lock.
2025-09-28 20:11:53,409 [ERROR] LogOutputStream:75 - [STDERR_REDIRECT] 
2025-09-28 20:12:23,409 [ERROR] LogOutputStream:75 - [STDERR_REDIRECT] Sep 28, 2025 8:12:23 PM java.util.prefs.FileSystemPreferences checkLockFile0ErrorCode
2025-09-28 20:12:23,409 [ERROR] LogOutputStream:75 - [STDERR_REDIRECT] WARNING: Could not lock System prefs. Unix error code 2.
2025-09-28 20:12:23,409 [ERROR] LogOutputStream:75 - [STDERR_REDIRECT] 
2025-09-28 20:12:23,409 [ERROR] LogOutputStream:75 - [STDERR_REDIRECT] Sep 28, 2025 8:12:23 PM java.util.prefs.FileSystemPreferences syncWorld
2025-09-28 20:12:23,410 [ERROR] LogOutputStream:75 - [STDERR_REDIRECT] WARNING: Couldn't flush system prefs: java.util.prefs.BackingStoreException: Couldn't get file lock.
2025-09-28 20:12:23,410 [ERROR] LogOutputStream:75 - [STDERR_REDIRECT] 
2025-09-28 20:12:53,409 [ERROR] LogOutputStream:75 - [STDERR_REDIRECT] Sep 28, 2025 8:12:53 PM java.util.prefs.FileSystemPreferences checkLockFile0ErrorCode
2025-09-28 20:12:53,409 [ERROR] LogOutputStream:75 - [STDERR_REDIRECT] WARNING: Could not lock System prefs. Unix error code 2.
2025-09-28 20:12:53,409 [ERROR] LogOutputStream:75 - [STDERR_REDIRECT] 
2025-09-28 20:12:53,410 [ERROR] LogOutputStream:75 - [STDERR_REDIRECT] Sep 28, 2025 8:12:53 PM java.util.prefs.FileSystemPreferences syncWorld
2025-09-28 20:12:53,410 [ERROR] LogOutputStream:75 - [STDERR_REDIRECT] WARNING: Couldn't flush system prefs: java.util.prefs.BackingStoreException: Couldn't get file lock.
2025-09-28 20:12:53,410 [ERROR] LogOutputStream:75 - [STDERR_REDIRECT] 
2025-09-28 20:13:23,409 [ERROR] LogOutputStream:75 - [STDERR_REDIRECT] Sep 28, 2025 8:13:23 PM java.util.prefs.FileSystemPreferences checkLockFile0ErrorCode
2025-09-28 20:13:23,409 [ERROR] LogOutputStream:75 - [STDERR_REDIRECT] WARNING: Could not lock System prefs. Unix error code 2.
2025-09-28 20:13:23,410 [ERROR] LogOutputStream:75 - [STDERR_REDIRECT] 
2025-09-28 20:13:23,410 [ERROR] LogOutputStream:75 - [STDERR_REDIRECT] Sep 28, 2025 8:13:23 PM java.util.prefs.FileSystemPreferences syncWorld
2025-09-28 20:13:23,410 [ERROR] LogOutputStream:75 - [STDERR_REDIRECT] WARNING: Couldn't flush system prefs: java.util.prefs.BackingStoreException: Couldn't get file lock.
2025-09-28 20:13:23,410 [ERROR] LogOutputStream:75 - [STDERR_REDIRECT] 
2025-09-28 20:13:53,409 [ERROR] LogOutputStream:75 - [STDERR_REDIRECT] Sep 28, 2025 8:13:53 PM java.util.prefs.FileSystemPreferences checkLockFile0ErrorCode
2025-09-28 20:13:53,409 [ERROR] LogOutputStream:75 - [STDERR_REDIRECT] WARNING: Could not lock System prefs. Unix error code 2.
2025-09-28 20:13:53,409 [ERROR] LogOutputStream:75 - [STDERR_REDIRECT] 
2025-09-28 20:13:53,410 [ERROR] LogOutputStream:75 - [STDERR_REDIRECT] Sep 28, 2025 8:13:53 PM java.util.prefs.FileSystemPreferences syncWorld
2025-09-28 20:13:53,410 [ERROR] LogOutputStream:75 - [STDERR_REDIRECT] WARNING: Couldn't flush system prefs: java.util.prefs.BackingStoreException: Couldn't get file lock.
2025-09-28 20:13:53,410 [ERROR] LogOutputStream:75 - [STDERR_REDIRECT] 
2025-09-28 20:14:23,410 [ERROR] LogOutputStream:75 - [STDERR_REDIRECT] Sep 28, 2025 8:14:23 PM java.util.prefs.FileSystemPreferences checkLockFile0ErrorCode
2025-09-28 20:14:23,410 [ERROR] LogOutputStream:75 - [STDERR_REDIRECT] WARNING: Could not lock System prefs. Unix error code 2.
2025-09-28 20:14:23,411 [ERROR] LogOutputStream:75 - [STDERR_REDIRECT] 
2025-09-28 20:14:23,411 [ERROR] LogOutputStream:75 - [STDERR_REDIRECT] Sep 28, 2025 8:14:23 PM java.util.prefs.FileSystemPreferences syncWorld
2025-09-28 20:14:23,411 [ERROR] LogOutputStream:75 - [STDERR_REDIRECT] WARNING: Couldn't flush system prefs: java.util.prefs.BackingStoreException: Couldn't get file lock.
2025-09-28 20:14:23,411 [ERROR] LogOutputStream:75 - [STDERR_REDIRECT] 
2025-09-28 20:14:53,409 [ERROR] LogOutputStream:75 - [STDERR_REDIRECT] Sep 28, 2025 8:14:53 PM java.util.prefs.FileSystemPreferences checkLockFile0ErrorCode
2025-09-28 20:14:53,410 [ERROR] LogOutputStream:75 - [STDERR_REDIRECT] WARNING: Could not lock System prefs. Unix error code 2.
2025-09-28 20:14:53,410 [ERROR] LogOutputStream:75 - [STDERR_REDIRECT] 
2025-09-28 20:14:53,410 [ERROR] LogOutputStream:75 - [STDERR_REDIRECT] Sep 28, 2025 8:14:53 PM java.util.prefs.FileSystemPreferences syncWorld
2025-09-28 20:14:53,411 [ERROR] LogOutputStream:75 - [STDERR_REDIRECT] WARNING: Couldn't flush system prefs: java.util.prefs.BackingStoreException: Couldn't get file lock.
2025-09-28 20:14:53,411 [ERROR] LogOutputStream:75 - [STDERR_REDIRECT] 
2025-09-28 20:15:23,409 [ERROR] LogOutputStream:75 - [STDERR_REDIRECT] Sep 28, 2025 8:15:23 PM java.util.prefs.FileSystemPreferences checkLockFile0ErrorCode
2025-09-28 20:15:23,410 [ERROR] LogOutputStream:75 - [STDERR_REDIRECT] WARNING: Could not lock System prefs. Unix error code 2.
2025-09-28 20:15:23,410 [ERROR] LogOutputStream:75 - [STDERR_REDIRECT] 
2025-09-28 20:15:23,411 [ERROR] LogOutputStream:75 - [STDERR_REDIRECT] Sep 28, 2025 8:15:23 PM java.util.prefs.FileSystemPreferences syncWorld
2025-09-28 20:15:23,411 [ERROR] LogOutputStream:75 - [STDERR_REDIRECT] WARNING: Couldn't flush system prefs: java.util.prefs.BackingStoreException: Couldn't get file lock.
2025-09-28 20:15:23,411 [ERROR] LogOutputStream:75 - [STDERR_REDIRECT] 
2025-09-28 20:15:53,410 [ERROR] LogOutputStream:75 - [STDERR_REDIRECT] Sep 28, 2025 8:15:53 PM java.util.prefs.FileSystemPreferences checkLockFile0ErrorCode
2025-09-28 20:15:53,410 [ERROR] LogOutputStream:75 - [STDERR_REDIRECT] WARNING: Could not lock System prefs. Unix error code 2.
2025-09-28 20:15:53,410 [ERROR] LogOutputStream:75 - [STDERR_REDIRECT] 
2025-09-28 20:15:53,411 [ERROR] LogOutputStream:75 - [STDERR_REDIRECT] Sep 28, 2025 8:15:53 PM java.util.prefs.FileSystemPreferences syncWorld
2025-09-28 20:15:53,411 [ERROR] LogOutputStream:75 - [STDERR_REDIRECT] WARNING: Couldn't flush system prefs: java.util.prefs.BackingStoreException: Couldn't get file lock.
2025-09-28 20:15:53,411 [ERROR] LogOutputStream:75 - [STDERR_REDIRECT] 
2025-09-28 20:16:23,410 [ERROR] LogOutputStream:75 - [STDERR_REDIRECT] Sep 28, 2025 8:16:23 PM java.util.prefs.FileSystemPreferences checkLockFile0ErrorCode
2025-09-28 20:16:23,410 [ERROR] LogOutputStream:75 - [STDERR_REDIRECT] WARNING: Could not lock System prefs. Unix error code 2.
2025-09-28 20:16:23,410 [ERROR] LogOutputStream:75 - [STDERR_REDIRECT] 
2025-09-28 20:16:23,411 [ERROR] LogOutputStream:75 - [STDERR_REDIRECT] Sep 28, 2025 8:16:23 PM java.util.prefs.FileSystemPreferences syncWorld
2025-09-28 20:16:23,411 [ERROR] LogOutputStream:75 - [STDERR_REDIRECT] WARNING: Couldn't flush system prefs: java.util.prefs.BackingStoreException: Couldn't get file lock.
2025-09-28 20:16:23,411 [ERROR] LogOutputStream:75 - [STDERR_REDIRECT] 
2025-09-28 20:16:53,409 [ERROR] LogOutputStream:75 - [STDERR_REDIRECT] Sep 28, 2025 8:16:53 PM java.util.prefs.FileSystemPreferences checkLockFile0ErrorCode
2025-09-28 20:16:53,409 [ERROR] LogOutputStream:75 - [STDERR_REDIRECT] WARNING: Could not lock System prefs. Unix error code 2.
2025-09-28 20:16:53,409 [ERROR] LogOutputStream:75 - [STDERR_REDIRECT] 
2025-09-28 20:16:53,409 [ERROR] LogOutputStream:75 - [STDERR_REDIRECT] Sep 28, 2025 8:16:53 PM java.util.prefs.FileSystemPreferences syncWorld
2025-09-28 20:16:53,409 [ERROR] LogOutputStream:75 - [STDERR_REDIRECT] WARNING: Couldn't flush system prefs: java.util.prefs.BackingStoreException: Couldn't get file lock.
2025-09-28 20:16:53,409 [ERROR] LogOutputStream:75 - [STDERR_REDIRECT] 
2025-09-28 20:17:23,409 [ERROR] LogOutputStream:75 - [STDERR_REDIRECT] Sep 28, 2025 8:17:23 PM java.util.prefs.FileSystemPreferences checkLockFile0ErrorCode
2025-09-28 20:17:23,410 [ERROR] LogOutputStream:75 - [STDERR_REDIRECT] WARNING: Could not lock System prefs. Unix error code 2.
2025-09-28 20:17:23,410 [ERROR] LogOutputStream:75 - [STDERR_REDIRECT] 
2025-09-28 20:17:23,410 [ERROR] LogOutputStream:75 - [STDERR_REDIRECT] Sep 28, 2025 8:17:23 PM java.util.prefs.FileSystemPreferences syncWorld
2025-09-28 20:17:23,410 [ERROR] LogOutputStream:75 - [STDERR_REDIRECT] WARNING: Couldn't flush system prefs: java.util.prefs.BackingStoreException: Couldn't get file lock.
2025-09-28 20:17:23,413 [ERROR] LogOutputStream:75 - [STDERR_REDIRECT] 
2025-09-28 20:17:53,409 [ERROR] LogOutputStream:75 - [STDERR_REDIRECT] Sep 28, 2025 8:17:53 PM java.util.prefs.FileSystemPreferences checkLockFile0ErrorCode
2025-09-28 20:17:53,409 [ERROR] LogOutputStream:75 - [STDERR_REDIRECT] WARNING: Could not lock System prefs. Unix error code 2.
2025-09-28 20:17:53,410 [ERROR] LogOutputStream:75 - [STDERR_REDIRECT] 
2025-09-28 20:17:53,410 [ERROR] LogOutputStream:75 - [STDERR_REDIRECT] Sep 28, 2025 8:17:53 PM java.util.prefs.FileSystemPreferences syncWorld
2025-09-28 20:17:53,410 [ERROR] LogOutputStream:75 - [STDERR_REDIRECT] WARNING: Couldn't flush system prefs: java.util.prefs.BackingStoreException: Couldn't get file lock.
2025-09-28 20:17:53,410 [ERROR] LogOutputStream:75 - [STDERR_REDIRECT] 
2025-09-28 20:18:23,409 [ERROR] LogOutputStream:75 - [STDERR_REDIRECT] Sep 28, 2025 8:18:23 PM java.util.prefs.FileSystemPreferences checkLockFile0ErrorCode
2025-09-28 20:18:23,410 [ERROR] LogOutputStream:75 - [STDERR_REDIRECT] WARNING: Could not lock System prefs. Unix error code 2.
2025-09-28 20:18:23,410 [ERROR] LogOutputStream:75 - [STDERR_REDIRECT] 
2025-09-28 20:18:23,410 [ERROR] LogOutputStream:75 - [STDERR_REDIRECT] Sep 28, 2025 8:18:23 PM java.util.prefs.FileSystemPreferences syncWorld
2025-09-28 20:18:23,410 [ERROR] LogOutputStream:75 - [STDERR_REDIRECT] WARNING: Couldn't flush system prefs: java.util.prefs.BackingStoreException: Couldn't get file lock.
2025-09-28 20:18:23,410 [ERROR] LogOutputStream:75 - [STDERR_REDIRECT] 
2025-09-28 20:18:53,409 [ERROR] LogOutputStream:75 - [STDERR_REDIRECT] Sep 28, 2025 8:18:53 PM java.util.prefs.FileSystemPreferences checkLockFile0ErrorCode
2025-09-28 20:18:53,410 [ERROR] LogOutputStream:75 - [STDERR_REDIRECT] WARNING: Could not lock System prefs. Unix error code 2.
2025-09-28 20:18:53,410 [ERROR] LogOutputStream:75 - [STDERR_REDIRECT] 
2025-09-28 20:18:53,411 [ERROR] LogOutputStream:75 - [STDERR_REDIRECT] Sep 28, 2025 8:18:53 PM java.util.prefs.FileSystemPreferences syncWorld
2025-09-28 20:18:53,411 [ERROR] LogOutputStream:75 - [STDERR_REDIRECT] WARNING: Couldn't flush system prefs: java.util.prefs.BackingStoreException: Couldn't get file lock.
2025-09-28 20:18:53,411 [ERROR] LogOutputStream:75 - [STDERR_REDIRECT] 
2025-09-28 20:19:23,409 [ERROR] LogOutputStream:75 - [STDERR_REDIRECT] Sep 28, 2025 8:19:23 PM java.util.prefs.FileSystemPreferences checkLockFile0ErrorCode
2025-09-28 20:19:23,410 [ERROR] LogOutputStream:75 - [STDERR_REDIRECT] WARNING: Could not lock System prefs. Unix error code 2.
2025-09-28 20:19:23,410 [ERROR] LogOutputStream:75 - [STDERR_REDIRECT] 
2025-09-28 20:19:23,410 [ERROR] LogOutputStream:75 - [STDERR_REDIRECT] Sep 28, 2025 8:19:23 PM java.util.prefs.FileSystemPreferences syncWorld
2025-09-28 20:19:23,410 [ERROR] LogOutputStream:75 - [STDERR_REDIRECT] WARNING: Couldn't flush system prefs: java.util.prefs.BackingStoreException: Couldn't get file lock.
2025-09-28 20:19:23,411 [ERROR] LogOutputStream:75 - [STDERR_REDIRECT] 
2025-09-28 20:19:53,409 [ERROR] LogOutputStream:75 - [STDERR_REDIRECT] Sep 28, 2025 8:19:53 PM java.util.prefs.FileSystemPreferences checkLockFile0ErrorCode
2025-09-28 20:19:53,409 [ERROR] LogOutputStream:75 - [STDERR_REDIRECT] WARNING: Could not lock System prefs. Unix error code 2.
2025-09-28 20:19:53,410 [ERROR] LogOutputStream:75 - [STDERR_REDIRECT] 
2025-09-28 20:19:53,410 [ERROR] LogOutputStream:75 - [STDERR_REDIRECT] Sep 28, 2025 8:19:53 PM java.util.prefs.FileSystemPreferences syncWorld
2025-09-28 20:19:53,410 [ERROR] LogOutputStream:75 - [STDERR_REDIRECT] WARNING: Couldn't flush system prefs: java.util.prefs.BackingStoreException: Couldn't get file lock.
2025-09-28 20:19:53,410 [ERROR] LogOutputStream:75 - [STDERR_REDIRECT] 
2025-09-28 20:20:23,410 [ERROR] LogOutputStream:75 - [STDERR_REDIRECT] Sep 28, 2025 8:20:23 PM java.util.prefs.FileSystemPreferences checkLockFile0ErrorCode
2025-09-28 20:20:23,410 [ERROR] LogOutputStream:75 - [STDERR_REDIRECT] WARNING: Could not lock System prefs. Unix error code 2.
2025-09-28 20:20:23,411 [ERROR] LogOutputStream:75 - [STDERR_REDIRECT] 
2025-09-28 20:20:23,411 [ERROR] LogOutputStream:75 - [STDERR_REDIRECT] Sep 28, 2025 8:20:23 PM java.util.prefs.FileSystemPreferences syncWorld
2025-09-28 20:20:23,411 [ERROR] LogOutputStream:75 - [STDERR_REDIRECT] WARNING: Couldn't flush system prefs: java.util.prefs.BackingStoreException: Couldn't get file lock.
2025-09-28 20:20:23,412 [ERROR] LogOutputStream:75 - [STDERR_REDIRECT] 
2025-09-28 20:20:53,411 [ERROR] LogOutputStream:75 - [STDERR_REDIRECT] Sep 28, 2025 8:20:53 PM java.util.prefs.FileSystemPreferences checkLockFile0ErrorCode
2025-09-28 20:20:53,411 [ERROR] LogOutputStream:75 - [STDERR_REDIRECT] WARNING: Could not lock System prefs. Unix error code 2.
2025-09-28 20:20:53,411 [ERROR] LogOutputStream:75 - [STDERR_REDIRECT] 
2025-09-28 20:20:53,412 [ERROR] LogOutputStream:75 - [STDERR_REDIRECT] Sep 28, 2025 8:20:53 PM java.util.prefs.FileSystemPreferences syncWorld
2025-09-28 20:20:53,412 [ERROR] LogOutputStream:75 - [STDERR_REDIRECT] WARNING: Couldn't flush system prefs: java.util.prefs.BackingStoreException: Couldn't get file lock.
2025-09-28 20:20:53,412 [ERROR] LogOutputStream:75 - [STDERR_REDIRECT] 
2025-09-28 20:21:23,411 [ERROR] LogOutputStream:75 - [STDERR_REDIRECT] Sep 28, 2025 8:21:23 PM java.util.prefs.FileSystemPreferences checkLockFile0ErrorCode
2025-09-28 20:21:23,411 [ERROR] LogOutputStream:75 - [STDERR_REDIRECT] WARNING: Could not lock System prefs. Unix error code 2.
2025-09-28 20:21:23,411 [ERROR] LogOutputStream:75 - [STDERR_REDIRECT] 
2025-09-28 20:21:23,412 [ERROR] LogOutputStream:75 - [STDERR_REDIRECT] Sep 28, 2025 8:21:23 PM java.util.prefs.FileSystemPreferences syncWorld
2025-09-28 20:21:23,412 [ERROR] LogOutputStream:75 - [STDERR_REDIRECT] WARNING: Couldn't flush system prefs: java.util.prefs.BackingStoreException: Couldn't get file lock.
2025-09-28 20:21:23,412 [ERROR] LogOutputStream:75 - [STDERR_REDIRECT] 
2025-09-28 20:21:39,497 [ERROR] LogOutputStream:75 - [STDERR_REDIRECT] 
2025-09-28 20:21:39,498 [ERROR] LogOutputStream:75 - [STDERR_REDIRECT] 
